[1.700s] Invoking command in '/home/sachin/ros2_drone/src/drone_delivery_system': DEBUGINFOD_URLS=https://debuginfod.ubuntu.com PS1=(.ros2_venv) \[\e]0;\u@\h: \w\a\]${debian_chroot:+($debian_chroot)}\[\033[01;32m\]\u@\h\[\033[00m\]:\[\033[01;34m\]\w\[\033[00m\]\$ PYTHONPATH=/home/sachin/ros2_drone/build/drone_delivery_system/prefix_override:/usr/lib/python3/dist-packages/colcon_core/task/python/colcon_distutils_commands:/home/sachin/ros2_drone/install/drone_delivery_system/lib/python3.12/site-packages:${PYTHONPATH} VIRTUAL_ENV_PROMPT=(.ros2_venv) /usr/bin/python3 -W ignore:setup.py install is deprecated -W ignore:easy_install command is deprecated setup.py egg_info --egg-base ../../build/drone_delivery_system build --build-base /home/sachin/ros2_drone/build/drone_delivery_system/build install --record /home/sachin/ros2_drone/build/drone_delivery_system/install.log --single-version-externally-managed install_data
[2.030s] running egg_info
[2.053s] writing ../../build/drone_delivery_system/drone_delivery_system.egg-info/PKG-INFO
[2.053s] writing dependency_links to ../../build/drone_delivery_system/drone_delivery_system.egg-info/dependency_links.txt
[2.054s] writing entry points to ../../build/drone_delivery_system/drone_delivery_system.egg-info/entry_points.txt
[2.054s] writing requirements to ../../build/drone_delivery_system/drone_delivery_system.egg-info/requires.txt
[2.054s] writing top-level names to ../../build/drone_delivery_system/drone_delivery_system.egg-info/top_level.txt
[2.101s] reading manifest file '../../build/drone_delivery_system/drone_delivery_system.egg-info/SOURCES.txt'
[2.102s] writing manifest file '../../build/drone_delivery_system/drone_delivery_system.egg-info/SOURCES.txt'
[2.102s] running build
[2.103s] running build_py
[2.103s] copying drone_delivery_system/coordinate_mission_controller.py -> /home/sachin/ros2_drone/build/drone_delivery_system/build/lib/drone_delivery_system
[2.103s] running install
[2.111s] running install_lib
[2.135s] copying /home/sachin/ros2_drone/build/drone_delivery_system/build/lib/drone_delivery_system/coordinate_mission_controller.py -> /home/sachin/ros2_drone/install/drone_delivery_system/lib/python3.12/site-packages/drone_delivery_system
[2.135s] byte-compiling /home/sachin/ros2_drone/install/drone_delivery_system/lib/python3.12/site-packages/drone_delivery_system/coordinate_mission_controller.py to coordinate_mission_controller.cpython-312.pyc
[2.139s] running install_data
[2.140s] running install_egg_info
[2.165s] removing '/home/sachin/ros2_drone/install/drone_delivery_system/lib/python3.12/site-packages/drone_delivery_system-1.0.0-py3.12.egg-info' (and everything under it)
[2.165s] Copying ../../build/drone_delivery_system/drone_delivery_system.egg-info to /home/sachin/ros2_drone/install/drone_delivery_system/lib/python3.12/site-packages/drone_delivery_system-1.0.0-py3.12.egg-info
[2.166s] running install_scripts
[2.323s] Installing coordinate_mission_controller script to /home/sachin/ros2_drone/install/drone_delivery_system/lib/drone_delivery_system
[2.323s] Installing dual_camera_yolo_detector script to /home/sachin/ros2_drone/install/drone_delivery_system/lib/drone_delivery_system
[2.323s] Installing enhanced_delivery_controller script to /home/sachin/ros2_drone/install/drone_delivery_system/lib/drone_delivery_system
[2.323s] Installing mission_planner script to /home/sachin/ros2_drone/install/drone_delivery_system/lib/drone_delivery_system
[2.324s] Installing payload_manager script to /home/sachin/ros2_drone/install/drone_delivery_system/lib/drone_delivery_system
[2.324s] writing list of installed files to '/home/sachin/ros2_drone/build/drone_delivery_system/install.log'
[2.388s] Invoked command in '/home/sachin/ros2_drone/src/drone_delivery_system' returned '0': DEBUGINFOD_URLS=https://debuginfod.ubuntu.com PS1=(.ros2_venv) \[\e]0;\u@\h: \w\a\]${debian_chroot:+($debian_chroot)}\[\033[01;32m\]\u@\h\[\033[00m\]:\[\033[01;34m\]\w\[\033[00m\]\$ PYTHONPATH=/home/sachin/ros2_drone/build/drone_delivery_system/prefix_override:/usr/lib/python3/dist-packages/colcon_core/task/python/colcon_distutils_commands:/home/sachin/ros2_drone/install/drone_delivery_system/lib/python3.12/site-packages:${PYTHONPATH} VIRTUAL_ENV_PROMPT=(.ros2_venv) /usr/bin/python3 -W ignore:setup.py install is deprecated -W ignore:easy_install command is deprecated setup.py egg_info --egg-base ../../build/drone_delivery_system build --build-base /home/sachin/ros2_drone/build/drone_delivery_system/build install --record /home/sachin/ros2_drone/build/drone_delivery_system/install.log --single-version-externally-managed install_data
