[1.016s] Invoking command in '/home/sachin/ros2_drone/src/drone_delivery_system': DEBUGINFOD_URLS=https://debuginfod.ubuntu.com PS1=(.ros2_venv) \[\e]0;\u@\h: \w\a\]${debian_chroot:+($debian_chroot)}\[\033[01;32m\]\u@\h\[\033[00m\]:\[\033[01;34m\]\w\[\033[00m\]\$ PYTHONPATH=/home/sachin/ros2_drone/build/drone_delivery_system/prefix_override:/usr/lib/python3/dist-packages/colcon_core/task/python/colcon_distutils_commands:/home/sachin/ros2_drone/install/drone_delivery_system/lib/python3.12/site-packages:${PYTHONPATH} VIRTUAL_ENV_PROMPT=(.ros2_venv) /usr/bin/python3 -W ignore:setup.py install is deprecated -W ignore:easy_install command is deprecated setup.py egg_info --egg-base ../../build/drone_delivery_system build --build-base /home/sachin/ros2_drone/build/drone_delivery_system/build install --record /home/sachin/ros2_drone/build/drone_delivery_system/install.log --single-version-externally-managed install_data
[1.196s] running egg_info
[1.209s] writing ../../build/drone_delivery_system/drone_delivery_system.egg-info/PKG-INFO
[1.209s] writing dependency_links to ../../build/drone_delivery_system/drone_delivery_system.egg-info/dependency_links.txt
[1.209s] writing entry points to ../../build/drone_delivery_system/drone_delivery_system.egg-info/entry_points.txt
[1.209s] writing requirements to ../../build/drone_delivery_system/drone_delivery_system.egg-info/requires.txt
[1.209s] writing top-level names to ../../build/drone_delivery_system/drone_delivery_system.egg-info/top_level.txt
[1.235s] reading manifest file '../../build/drone_delivery_system/drone_delivery_system.egg-info/SOURCES.txt'
[1.237s] writing manifest file '../../build/drone_delivery_system/drone_delivery_system.egg-info/SOURCES.txt'
[1.237s] running build
[1.237s] running build_py
[1.237s] copying drone_delivery_system/payload_manager.py -> /home/sachin/ros2_drone/build/drone_delivery_system/build/lib/drone_delivery_system
[1.237s] copying drone_delivery_system/enhanced_delivery_controller.py -> /home/sachin/ros2_drone/build/drone_delivery_system/build/lib/drone_delivery_system
[1.237s] copying drone_delivery_system/dual_camera_yolo_detector.py -> /home/sachin/ros2_drone/build/drone_delivery_system/build/lib/drone_delivery_system
[1.237s] running install
[1.241s] running install_lib
[1.254s] copying /home/sachin/ros2_drone/build/drone_delivery_system/build/lib/drone_delivery_system/payload_manager.py -> /home/sachin/ros2_drone/install/drone_delivery_system/lib/python3.12/site-packages/drone_delivery_system
[1.254s] copying /home/sachin/ros2_drone/build/drone_delivery_system/build/lib/drone_delivery_system/enhanced_delivery_controller.py -> /home/sachin/ros2_drone/install/drone_delivery_system/lib/python3.12/site-packages/drone_delivery_system
[1.255s] copying /home/sachin/ros2_drone/build/drone_delivery_system/build/lib/drone_delivery_system/dual_camera_yolo_detector.py -> /home/sachin/ros2_drone/install/drone_delivery_system/lib/python3.12/site-packages/drone_delivery_system
[1.255s] byte-compiling /home/sachin/ros2_drone/install/drone_delivery_system/lib/python3.12/site-packages/drone_delivery_system/payload_manager.py to payload_manager.cpython-312.pyc
[1.255s] byte-compiling /home/sachin/ros2_drone/install/drone_delivery_system/lib/python3.12/site-packages/drone_delivery_system/enhanced_delivery_controller.py to enhanced_delivery_controller.cpython-312.pyc
[1.257s] byte-compiling /home/sachin/ros2_drone/install/drone_delivery_system/lib/python3.12/site-packages/drone_delivery_system/dual_camera_yolo_detector.py to dual_camera_yolo_detector.cpython-312.pyc
[1.258s] running install_data
[1.258s] copying launch/delivery_system.launch.py -> /home/sachin/ros2_drone/install/drone_delivery_system/share/drone_delivery_system/launch
[1.258s] copying config/delivery_params.yaml -> /home/sachin/ros2_drone/install/drone_delivery_system/share/drone_delivery_system/config
[1.258s] running install_egg_info
[1.272s] removing '/home/sachin/ros2_drone/install/drone_delivery_system/lib/python3.12/site-packages/drone_delivery_system-1.0.0-py3.12.egg-info' (and everything under it)
[1.272s] Copying ../../build/drone_delivery_system/drone_delivery_system.egg-info to /home/sachin/ros2_drone/install/drone_delivery_system/lib/python3.12/site-packages/drone_delivery_system-1.0.0-py3.12.egg-info
[1.273s] running install_scripts
[1.358s] Installing dual_camera_yolo_detector script to /home/sachin/ros2_drone/install/drone_delivery_system/lib/drone_delivery_system
[1.358s] Installing enhanced_delivery_controller script to /home/sachin/ros2_drone/install/drone_delivery_system/lib/drone_delivery_system
[1.358s] Installing mission_planner script to /home/sachin/ros2_drone/install/drone_delivery_system/lib/drone_delivery_system
[1.358s] Installing payload_manager script to /home/sachin/ros2_drone/install/drone_delivery_system/lib/drone_delivery_system
[1.359s] writing list of installed files to '/home/sachin/ros2_drone/build/drone_delivery_system/install.log'
[1.397s] Invoked command in '/home/sachin/ros2_drone/src/drone_delivery_system' returned '0': DEBUGINFOD_URLS=https://debuginfod.ubuntu.com PS1=(.ros2_venv) \[\e]0;\u@\h: \w\a\]${debian_chroot:+($debian_chroot)}\[\033[01;32m\]\u@\h\[\033[00m\]:\[\033[01;34m\]\w\[\033[00m\]\$ PYTHONPATH=/home/sachin/ros2_drone/build/drone_delivery_system/prefix_override:/usr/lib/python3/dist-packages/colcon_core/task/python/colcon_distutils_commands:/home/sachin/ros2_drone/install/drone_delivery_system/lib/python3.12/site-packages:${PYTHONPATH} VIRTUAL_ENV_PROMPT=(.ros2_venv) /usr/bin/python3 -W ignore:setup.py install is deprecated -W ignore:easy_install command is deprecated setup.py egg_info --egg-base ../../build/drone_delivery_system build --build-base /home/sachin/ros2_drone/build/drone_delivery_system/build install --record /home/sachin/ros2_drone/build/drone_delivery_system/install.log --single-version-externally-managed install_data
