[1.635s] Invoking command in '/home/sachin/ros2_drone/src/drone_delivery_system': DEBUGINFOD_URLS=https://debuginfod.ubuntu.com PS1=(.ros2_venv) \[\e]0;\u@\h: \w\a\]${debian_chroot:+($debian_chroot)}\[\033[01;32m\]\u@\h\[\033[00m\]:\[\033[01;34m\]\w\[\033[00m\]\$ PYTHONPATH=/home/sachin/ros2_drone/build/drone_delivery_system/prefix_override:/usr/lib/python3/dist-packages/colcon_core/task/python/colcon_distutils_commands:/home/sachin/ros2_drone/install/drone_delivery_system/lib/python3.12/site-packages:${PYTHONPATH} VIRTUAL_ENV_PROMPT=(.ros2_venv) /usr/bin/python3 -W ignore:setup.py install is deprecated -W ignore:easy_install command is deprecated setup.py egg_info --egg-base ../../build/drone_delivery_system build --build-base /home/sachin/ros2_drone/build/drone_delivery_system/build install --record /home/sachin/ros2_drone/build/drone_delivery_system/install.log --single-version-externally-managed install_data
[1.968s] running egg_info
[1.992s] writing ../../build/drone_delivery_system/drone_delivery_system.egg-info/PKG-INFO
[1.992s] writing dependency_links to ../../build/drone_delivery_system/drone_delivery_system.egg-info/dependency_links.txt
[1.992s] writing entry points to ../../build/drone_delivery_system/drone_delivery_system.egg-info/entry_points.txt
[1.992s] writing requirements to ../../build/drone_delivery_system/drone_delivery_system.egg-info/requires.txt
[1.993s] writing top-level names to ../../build/drone_delivery_system/drone_delivery_system.egg-info/top_level.txt
[2.041s] reading manifest file '../../build/drone_delivery_system/drone_delivery_system.egg-info/SOURCES.txt'
[2.042s] writing manifest file '../../build/drone_delivery_system/drone_delivery_system.egg-info/SOURCES.txt'
[2.043s] running build
[2.043s] running build_py
[2.043s] running install
[2.050s] running install_lib
[2.075s] running install_data
[2.075s] running install_egg_info
[2.101s] removing '/home/sachin/ros2_drone/install/drone_delivery_system/lib/python3.12/site-packages/drone_delivery_system-1.0.0-py3.12.egg-info' (and everything under it)
[2.101s] Copying ../../build/drone_delivery_system/drone_delivery_system.egg-info to /home/sachin/ros2_drone/install/drone_delivery_system/lib/python3.12/site-packages/drone_delivery_system-1.0.0-py3.12.egg-info
[2.102s] running install_scripts
[2.265s] Installing coordinate_mission_controller script to /home/sachin/ros2_drone/install/drone_delivery_system/lib/drone_delivery_system
[2.265s] Installing dual_camera_yolo_detector script to /home/sachin/ros2_drone/install/drone_delivery_system/lib/drone_delivery_system
[2.266s] Installing enhanced_delivery_controller script to /home/sachin/ros2_drone/install/drone_delivery_system/lib/drone_delivery_system
[2.266s] Installing mission_planner script to /home/sachin/ros2_drone/install/drone_delivery_system/lib/drone_delivery_system
[2.266s] Installing payload_manager script to /home/sachin/ros2_drone/install/drone_delivery_system/lib/drone_delivery_system
[2.266s] writing list of installed files to '/home/sachin/ros2_drone/build/drone_delivery_system/install.log'
[2.320s] Invoked command in '/home/sachin/ros2_drone/src/drone_delivery_system' returned '0': DEBUGINFOD_URLS=https://debuginfod.ubuntu.com PS1=(.ros2_venv) \[\e]0;\u@\h: \w\a\]${debian_chroot:+($debian_chroot)}\[\033[01;32m\]\u@\h\[\033[00m\]:\[\033[01;34m\]\w\[\033[00m\]\$ PYTHONPATH=/home/sachin/ros2_drone/build/drone_delivery_system/prefix_override:/usr/lib/python3/dist-packages/colcon_core/task/python/colcon_distutils_commands:/home/sachin/ros2_drone/install/drone_delivery_system/lib/python3.12/site-packages:${PYTHONPATH} VIRTUAL_ENV_PROMPT=(.ros2_venv) /usr/bin/python3 -W ignore:setup.py install is deprecated -W ignore:easy_install command is deprecated setup.py egg_info --egg-base ../../build/drone_delivery_system build --build-base /home/sachin/ros2_drone/build/drone_delivery_system/build install --record /home/sachin/ros2_drone/build/drone_delivery_system/install.log --single-version-externally-managed install_data
