running egg_info
writing ../../build/drone_delivery_system/drone_delivery_system.egg-info/PKG-INFO
writing dependency_links to ../../build/drone_delivery_system/drone_delivery_system.egg-info/dependency_links.txt
writing entry points to ../../build/drone_delivery_system/drone_delivery_system.egg-info/entry_points.txt
writing requirements to ../../build/drone_delivery_system/drone_delivery_system.egg-info/requires.txt
writing top-level names to ../../build/drone_delivery_system/drone_delivery_system.egg-info/top_level.txt
reading manifest file '../../build/drone_delivery_system/drone_delivery_system.egg-info/SOURCES.txt'
writing manifest file '../../build/drone_delivery_system/drone_delivery_system.egg-info/SOURCES.txt'
running build
running build_py
copying drone_delivery_system/coordinate_mission_controller.py -> /home/sachin/ros2_drone/build/drone_delivery_system/build/lib/drone_delivery_system
running install
running install_lib
copying /home/sachin/ros2_drone/build/drone_delivery_system/build/lib/drone_delivery_system/coordinate_mission_controller.py -> /home/sachin/ros2_drone/install/drone_delivery_system/lib/python3.12/site-packages/drone_delivery_system
byte-compiling /home/sachin/ros2_drone/install/drone_delivery_system/lib/python3.12/site-packages/drone_delivery_system/coordinate_mission_controller.py to coordinate_mission_controller.cpython-312.pyc
running install_data
running install_egg_info
removing '/home/sachin/ros2_drone/install/drone_delivery_system/lib/python3.12/site-packages/drone_delivery_system-1.0.0-py3.12.egg-info' (and everything under it)
Copying ../../build/drone_delivery_system/drone_delivery_system.egg-info to /home/sachin/ros2_drone/install/drone_delivery_system/lib/python3.12/site-packages/drone_delivery_system-1.0.0-py3.12.egg-info
running install_scripts
Installing coordinate_mission_controller script to /home/sachin/ros2_drone/install/drone_delivery_system/lib/drone_delivery_system
Installing dual_camera_yolo_detector script to /home/sachin/ros2_drone/install/drone_delivery_system/lib/drone_delivery_system
Installing enhanced_delivery_controller script to /home/sachin/ros2_drone/install/drone_delivery_system/lib/drone_delivery_system
Installing mission_planner script to /home/sachin/ros2_drone/install/drone_delivery_system/lib/drone_delivery_system
Installing payload_manager script to /home/sachin/ros2_drone/install/drone_delivery_system/lib/drone_delivery_system
writing list of installed files to '/home/sachin/ros2_drone/build/drone_delivery_system/install.log'
