[0.986s] Invoking command in '/home/sachin/ros2_drone/src/sjtu_drone_bringup': DEBUGINFOD_URLS=https://debuginfod.ubuntu.com PS1=(.ros2_venv) \[\e]0;\u@\h: \w\a\]${debian_chroot:+($debian_chroot)}\[\033[01;32m\]\u@\h\[\033[00m\]:\[\033[01;34m\]\w\[\033[00m\]\$ PYTHONPATH=/home/sachin/ros2_drone/build/sjtu_drone_bringup/prefix_override:/usr/lib/python3/dist-packages/colcon_core/task/python/colcon_distutils_commands:/home/sachin/ros2_drone/install/sjtu_drone_bringup/lib/python3.12/site-packages:${PYTHONPATH} VIRTUAL_ENV_PROMPT=(.ros2_venv) /usr/bin/python3 -W ignore:setup.py install is deprecated -W ignore:easy_install command is deprecated setup.py egg_info --egg-base ../../build/sjtu_drone_bringup build --build-base /home/sachin/ros2_drone/build/sjtu_drone_bringup/build install --record /home/sachin/ros2_drone/build/sjtu_drone_bringup/install.log --single-version-externally-managed install_data
[1.165s] running egg_info
[1.165s] creating ../../build/sjtu_drone_bringup/sjtu_drone_bringup.egg-info
[1.178s] writing ../../build/sjtu_drone_bringup/sjtu_drone_bringup.egg-info/PKG-INFO
[1.178s] writing dependency_links to ../../build/sjtu_drone_bringup/sjtu_drone_bringup.egg-info/dependency_links.txt
[1.178s] writing entry points to ../../build/sjtu_drone_bringup/sjtu_drone_bringup.egg-info/entry_points.txt
[1.178s] writing requirements to ../../build/sjtu_drone_bringup/sjtu_drone_bringup.egg-info/requires.txt
[1.178s] writing top-level names to ../../build/sjtu_drone_bringup/sjtu_drone_bringup.egg-info/top_level.txt
[1.178s] writing manifest file '../../build/sjtu_drone_bringup/sjtu_drone_bringup.egg-info/SOURCES.txt'
[1.205s] reading manifest file '../../build/sjtu_drone_bringup/sjtu_drone_bringup.egg-info/SOURCES.txt'
[1.205s] writing manifest file '../../build/sjtu_drone_bringup/sjtu_drone_bringup.egg-info/SOURCES.txt'
[1.205s] running build
[1.205s] running build_py
[1.206s] creating /home/sachin/ros2_drone/build/sjtu_drone_bringup/build
[1.206s] creating /home/sachin/ros2_drone/build/sjtu_drone_bringup/build/lib
[1.206s] creating /home/sachin/ros2_drone/build/sjtu_drone_bringup/build/lib/sjtu_drone_bringup
[1.206s] copying sjtu_drone_bringup/__init__.py -> /home/sachin/ros2_drone/build/sjtu_drone_bringup/build/lib/sjtu_drone_bringup
[1.206s] copying sjtu_drone_bringup/spawn_drone.py -> /home/sachin/ros2_drone/build/sjtu_drone_bringup/build/lib/sjtu_drone_bringup
[1.206s] running install
[1.210s] running install_lib
[1.223s] creating /home/sachin/ros2_drone/install/sjtu_drone_bringup/lib/python3.12/site-packages/sjtu_drone_bringup
[1.223s] copying /home/sachin/ros2_drone/build/sjtu_drone_bringup/build/lib/sjtu_drone_bringup/__init__.py -> /home/sachin/ros2_drone/install/sjtu_drone_bringup/lib/python3.12/site-packages/sjtu_drone_bringup
[1.223s] copying /home/sachin/ros2_drone/build/sjtu_drone_bringup/build/lib/sjtu_drone_bringup/spawn_drone.py -> /home/sachin/ros2_drone/install/sjtu_drone_bringup/lib/python3.12/site-packages/sjtu_drone_bringup
[1.224s] byte-compiling /home/sachin/ros2_drone/install/sjtu_drone_bringup/lib/python3.12/site-packages/sjtu_drone_bringup/__init__.py to __init__.cpython-312.pyc
[1.224s] byte-compiling /home/sachin/ros2_drone/install/sjtu_drone_bringup/lib/python3.12/site-packages/sjtu_drone_bringup/spawn_drone.py to spawn_drone.cpython-312.pyc
[1.224s] running install_data
[1.224s] creating /home/sachin/ros2_drone/install/sjtu_drone_bringup/share/ament_index
[1.224s] creating /home/sachin/ros2_drone/install/sjtu_drone_bringup/share/ament_index/resource_index
[1.224s] creating /home/sachin/ros2_drone/install/sjtu_drone_bringup/share/ament_index/resource_index/packages
[1.224s] copying resource/sjtu_drone_bringup -> /home/sachin/ros2_drone/install/sjtu_drone_bringup/share/ament_index/resource_index/packages
[1.224s] copying package.xml -> /home/sachin/ros2_drone/install/sjtu_drone_bringup/share/sjtu_drone_bringup
[1.224s] creating /home/sachin/ros2_drone/install/sjtu_drone_bringup/share/sjtu_drone_bringup/launch
[1.225s] copying launch/sjtu_drone_bringup.launch.py -> /home/sachin/ros2_drone/install/sjtu_drone_bringup/share/sjtu_drone_bringup/launch
[1.225s] copying launch/sjtu_drone_gazebo.launch.py -> /home/sachin/ros2_drone/install/sjtu_drone_bringup/share/sjtu_drone_bringup/launch
[1.225s] creating /home/sachin/ros2_drone/install/sjtu_drone_bringup/share/sjtu_drone_bringup/rviz
[1.225s] copying rviz/rviz.rviz -> /home/sachin/ros2_drone/install/sjtu_drone_bringup/share/sjtu_drone_bringup/rviz
[1.225s] creating /home/sachin/ros2_drone/install/sjtu_drone_bringup/share/sjtu_drone_bringup/config
[1.225s] copying config/drone.yaml -> /home/sachin/ros2_drone/install/sjtu_drone_bringup/share/sjtu_drone_bringup/config
[1.225s] running install_egg_info
[1.248s] Copying ../../build/sjtu_drone_bringup/sjtu_drone_bringup.egg-info to /home/sachin/ros2_drone/install/sjtu_drone_bringup/lib/python3.12/site-packages/sjtu_drone_bringup-0.0.0-py3.12.egg-info
[1.248s] running install_scripts
[1.333s] Installing spawn_drone script to /home/sachin/ros2_drone/install/sjtu_drone_bringup/lib/sjtu_drone_bringup
[1.333s] writing list of installed files to '/home/sachin/ros2_drone/build/sjtu_drone_bringup/install.log'
[1.372s] Invoked command in '/home/sachin/ros2_drone/src/sjtu_drone_bringup' returned '0': DEBUGINFOD_URLS=https://debuginfod.ubuntu.com PS1=(.ros2_venv) \[\e]0;\u@\h: \w\a\]${debian_chroot:+($debian_chroot)}\[\033[01;32m\]\u@\h\[\033[00m\]:\[\033[01;34m\]\w\[\033[00m\]\$ PYTHONPATH=/home/sachin/ros2_drone/build/sjtu_drone_bringup/prefix_override:/usr/lib/python3/dist-packages/colcon_core/task/python/colcon_distutils_commands:/home/sachin/ros2_drone/install/sjtu_drone_bringup/lib/python3.12/site-packages:${PYTHONPATH} VIRTUAL_ENV_PROMPT=(.ros2_venv) /usr/bin/python3 -W ignore:setup.py install is deprecated -W ignore:easy_install command is deprecated setup.py egg_info --egg-base ../../build/sjtu_drone_bringup build --build-base /home/sachin/ros2_drone/build/sjtu_drone_bringup/build install --record /home/sachin/ros2_drone/build/sjtu_drone_bringup/install.log --single-version-externally-managed install_data
