running egg_info
creating ../../build/drone_delivery_system/drone_delivery_system.egg-info
writing ../../build/drone_delivery_system/drone_delivery_system.egg-info/PKG-INFO
writing dependency_links to ../../build/drone_delivery_system/drone_delivery_system.egg-info/dependency_links.txt
writing entry points to ../../build/drone_delivery_system/drone_delivery_system.egg-info/entry_points.txt
writing requirements to ../../build/drone_delivery_system/drone_delivery_system.egg-info/requires.txt
writing top-level names to ../../build/drone_delivery_system/drone_delivery_system.egg-info/top_level.txt
writing manifest file '../../build/drone_delivery_system/drone_delivery_system.egg-info/SOURCES.txt'
reading manifest file '../../build/drone_delivery_system/drone_delivery_system.egg-info/SOURCES.txt'
writing manifest file '../../build/drone_delivery_system/drone_delivery_system.egg-info/SOURCES.txt'
running build
running build_py
creating /home/sachin/ros2_drone/build/drone_delivery_system/build
creating /home/sachin/ros2_drone/build/drone_delivery_system/build/lib
creating /home/sachin/ros2_drone/build/drone_delivery_system/build/lib/drone_delivery_system
copying drone_delivery_system/__init__.py -> /home/sachin/ros2_drone/build/drone_delivery_system/build/lib/drone_delivery_system
copying drone_delivery_system/payload_manager.py -> /home/sachin/ros2_drone/build/drone_delivery_system/build/lib/drone_delivery_system
copying drone_delivery_system/enhanced_delivery_controller.py -> /home/sachin/ros2_drone/build/drone_delivery_system/build/lib/drone_delivery_system
copying drone_delivery_system/dual_camera_yolo_detector.py -> /home/sachin/ros2_drone/build/drone_delivery_system/build/lib/drone_delivery_system
copying drone_delivery_system/mission_planner.py -> /home/sachin/ros2_drone/build/drone_delivery_system/build/lib/drone_delivery_system
copying drone_delivery_system/obstacle_avoider.py -> /home/sachin/ros2_drone/build/drone_delivery_system/build/lib/drone_delivery_system
running install
running install_lib
creating /home/sachin/ros2_drone/install/drone_delivery_system/lib/python3.12/site-packages/drone_delivery_system
copying /home/sachin/ros2_drone/build/drone_delivery_system/build/lib/drone_delivery_system/__init__.py -> /home/sachin/ros2_drone/install/drone_delivery_system/lib/python3.12/site-packages/drone_delivery_system
copying /home/sachin/ros2_drone/build/drone_delivery_system/build/lib/drone_delivery_system/payload_manager.py -> /home/sachin/ros2_drone/install/drone_delivery_system/lib/python3.12/site-packages/drone_delivery_system
copying /home/sachin/ros2_drone/build/drone_delivery_system/build/lib/drone_delivery_system/enhanced_delivery_controller.py -> /home/sachin/ros2_drone/install/drone_delivery_system/lib/python3.12/site-packages/drone_delivery_system
copying /home/sachin/ros2_drone/build/drone_delivery_system/build/lib/drone_delivery_system/dual_camera_yolo_detector.py -> /home/sachin/ros2_drone/install/drone_delivery_system/lib/python3.12/site-packages/drone_delivery_system
copying /home/sachin/ros2_drone/build/drone_delivery_system/build/lib/drone_delivery_system/mission_planner.py -> /home/sachin/ros2_drone/install/drone_delivery_system/lib/python3.12/site-packages/drone_delivery_system
copying /home/sachin/ros2_drone/build/drone_delivery_system/build/lib/drone_delivery_system/obstacle_avoider.py -> /home/sachin/ros2_drone/install/drone_delivery_system/lib/python3.12/site-packages/drone_delivery_system
byte-compiling /home/sachin/ros2_drone/install/drone_delivery_system/lib/python3.12/site-packages/drone_delivery_system/__init__.py to __init__.cpython-312.pyc
byte-compiling /home/sachin/ros2_drone/install/drone_delivery_system/lib/python3.12/site-packages/drone_delivery_system/payload_manager.py to payload_manager.cpython-312.pyc
byte-compiling /home/sachin/ros2_drone/install/drone_delivery_system/lib/python3.12/site-packages/drone_delivery_system/enhanced_delivery_controller.py to enhanced_delivery_controller.cpython-312.pyc
byte-compiling /home/sachin/ros2_drone/install/drone_delivery_system/lib/python3.12/site-packages/drone_delivery_system/dual_camera_yolo_detector.py to dual_camera_yolo_detector.cpython-312.pyc
byte-compiling /home/sachin/ros2_drone/install/drone_delivery_system/lib/python3.12/site-packages/drone_delivery_system/mission_planner.py to mission_planner.cpython-312.pyc
byte-compiling /home/sachin/ros2_drone/install/drone_delivery_system/lib/python3.12/site-packages/drone_delivery_system/obstacle_avoider.py to obstacle_avoider.cpython-312.pyc
running install_data
creating /home/sachin/ros2_drone/install/drone_delivery_system/share/ament_index
creating /home/sachin/ros2_drone/install/drone_delivery_system/share/ament_index/resource_index
creating /home/sachin/ros2_drone/install/drone_delivery_system/share/ament_index/resource_index/packages
copying resource/drone_delivery_system -> /home/sachin/ros2_drone/install/drone_delivery_system/share/ament_index/resource_index/packages
copying package.xml -> /home/sachin/ros2_drone/install/drone_delivery_system/share/drone_delivery_system
creating /home/sachin/ros2_drone/install/drone_delivery_system/share/drone_delivery_system/launch
copying launch/delivery_system.launch.py -> /home/sachin/ros2_drone/install/drone_delivery_system/share/drone_delivery_system/launch
creating /home/sachin/ros2_drone/install/drone_delivery_system/share/drone_delivery_system/config
copying config/delivery_params.yaml -> /home/sachin/ros2_drone/install/drone_delivery_system/share/drone_delivery_system/config
creating /home/sachin/ros2_drone/install/drone_delivery_system/share/drone_delivery_system/models
copying models/delivery_box.sdf -> /home/sachin/ros2_drone/install/drone_delivery_system/share/drone_delivery_system/models
running install_egg_info
Copying ../../build/drone_delivery_system/drone_delivery_system.egg-info to /home/sachin/ros2_drone/install/drone_delivery_system/lib/python3.12/site-packages/drone_delivery_system-1.0.0-py3.12.egg-info
running install_scripts
Installing dual_camera_yolo_detector script to /home/sachin/ros2_drone/install/drone_delivery_system/lib/drone_delivery_system
Installing enhanced_delivery_controller script to /home/sachin/ros2_drone/install/drone_delivery_system/lib/drone_delivery_system
Installing mission_planner script to /home/sachin/ros2_drone/install/drone_delivery_system/lib/drone_delivery_system
Installing payload_manager script to /home/sachin/ros2_drone/install/drone_delivery_system/lib/drone_delivery_system
writing list of installed files to '/home/sachin/ros2_drone/build/drone_delivery_system/install.log'
