[1.020s] Invoking command in '/home/sachin/ros2_drone/src/drone_delivery_system': DEBUGINFOD_URLS=https://debuginfod.ubuntu.com PS1=(.ros2_venv) \[\e]0;\u@\h: \w\a\]${debian_chroot:+($debian_chroot)}\[\033[01;32m\]\u@\h\[\033[00m\]:\[\033[01;34m\]\w\[\033[00m\]\$ PYTHONPATH=/home/sachin/ros2_drone/build/drone_delivery_system/prefix_override:/usr/lib/python3/dist-packages/colcon_core/task/python/colcon_distutils_commands:/home/sachin/ros2_drone/install/drone_delivery_system/lib/python3.12/site-packages:${PYTHONPATH} VIRTUAL_ENV_PROMPT=(.ros2_venv) /usr/bin/python3 -W ignore:setup.py install is deprecated -W ignore:easy_install command is deprecated setup.py egg_info --egg-base ../../build/drone_delivery_system build --build-base /home/sachin/ros2_drone/build/drone_delivery_system/build install --record /home/sachin/ros2_drone/build/drone_delivery_system/install.log --single-version-externally-managed install_data
[1.208s] running egg_info
[1.209s] creating ../../build/drone_delivery_system/drone_delivery_system.egg-info
[1.222s] writing ../../build/drone_delivery_system/drone_delivery_system.egg-info/PKG-INFO
[1.222s] writing dependency_links to ../../build/drone_delivery_system/drone_delivery_system.egg-info/dependency_links.txt
[1.222s] writing entry points to ../../build/drone_delivery_system/drone_delivery_system.egg-info/entry_points.txt
[1.222s] writing requirements to ../../build/drone_delivery_system/drone_delivery_system.egg-info/requires.txt
[1.222s] writing top-level names to ../../build/drone_delivery_system/drone_delivery_system.egg-info/top_level.txt
[1.222s] writing manifest file '../../build/drone_delivery_system/drone_delivery_system.egg-info/SOURCES.txt'
[1.249s] reading manifest file '../../build/drone_delivery_system/drone_delivery_system.egg-info/SOURCES.txt'
[1.249s] writing manifest file '../../build/drone_delivery_system/drone_delivery_system.egg-info/SOURCES.txt'
[1.249s] running build
[1.249s] running build_py
[1.249s] creating /home/sachin/ros2_drone/build/drone_delivery_system/build
[1.250s] creating /home/sachin/ros2_drone/build/drone_delivery_system/build/lib
[1.250s] creating /home/sachin/ros2_drone/build/drone_delivery_system/build/lib/drone_delivery_system
[1.250s] copying drone_delivery_system/__init__.py -> /home/sachin/ros2_drone/build/drone_delivery_system/build/lib/drone_delivery_system
[1.250s] copying drone_delivery_system/payload_manager.py -> /home/sachin/ros2_drone/build/drone_delivery_system/build/lib/drone_delivery_system
[1.250s] copying drone_delivery_system/enhanced_delivery_controller.py -> /home/sachin/ros2_drone/build/drone_delivery_system/build/lib/drone_delivery_system
[1.250s] copying drone_delivery_system/dual_camera_yolo_detector.py -> /home/sachin/ros2_drone/build/drone_delivery_system/build/lib/drone_delivery_system
[1.250s] copying drone_delivery_system/mission_planner.py -> /home/sachin/ros2_drone/build/drone_delivery_system/build/lib/drone_delivery_system
[1.250s] copying drone_delivery_system/obstacle_avoider.py -> /home/sachin/ros2_drone/build/drone_delivery_system/build/lib/drone_delivery_system
[1.251s] running install
[1.255s] running install_lib
[1.268s] creating /home/sachin/ros2_drone/install/drone_delivery_system/lib/python3.12/site-packages/drone_delivery_system
[1.268s] copying /home/sachin/ros2_drone/build/drone_delivery_system/build/lib/drone_delivery_system/__init__.py -> /home/sachin/ros2_drone/install/drone_delivery_system/lib/python3.12/site-packages/drone_delivery_system
[1.268s] copying /home/sachin/ros2_drone/build/drone_delivery_system/build/lib/drone_delivery_system/payload_manager.py -> /home/sachin/ros2_drone/install/drone_delivery_system/lib/python3.12/site-packages/drone_delivery_system
[1.268s] copying /home/sachin/ros2_drone/build/drone_delivery_system/build/lib/drone_delivery_system/enhanced_delivery_controller.py -> /home/sachin/ros2_drone/install/drone_delivery_system/lib/python3.12/site-packages/drone_delivery_system
[1.269s] copying /home/sachin/ros2_drone/build/drone_delivery_system/build/lib/drone_delivery_system/dual_camera_yolo_detector.py -> /home/sachin/ros2_drone/install/drone_delivery_system/lib/python3.12/site-packages/drone_delivery_system
[1.269s] copying /home/sachin/ros2_drone/build/drone_delivery_system/build/lib/drone_delivery_system/mission_planner.py -> /home/sachin/ros2_drone/install/drone_delivery_system/lib/python3.12/site-packages/drone_delivery_system
[1.269s] copying /home/sachin/ros2_drone/build/drone_delivery_system/build/lib/drone_delivery_system/obstacle_avoider.py -> /home/sachin/ros2_drone/install/drone_delivery_system/lib/python3.12/site-packages/drone_delivery_system
[1.269s] byte-compiling /home/sachin/ros2_drone/install/drone_delivery_system/lib/python3.12/site-packages/drone_delivery_system/__init__.py to __init__.cpython-312.pyc
[1.269s] byte-compiling /home/sachin/ros2_drone/install/drone_delivery_system/lib/python3.12/site-packages/drone_delivery_system/payload_manager.py to payload_manager.cpython-312.pyc
[1.270s] byte-compiling /home/sachin/ros2_drone/install/drone_delivery_system/lib/python3.12/site-packages/drone_delivery_system/enhanced_delivery_controller.py to enhanced_delivery_controller.cpython-312.pyc
[1.271s] byte-compiling /home/sachin/ros2_drone/install/drone_delivery_system/lib/python3.12/site-packages/drone_delivery_system/dual_camera_yolo_detector.py to dual_camera_yolo_detector.cpython-312.pyc
[1.273s] byte-compiling /home/sachin/ros2_drone/install/drone_delivery_system/lib/python3.12/site-packages/drone_delivery_system/mission_planner.py to mission_planner.cpython-312.pyc
[1.273s] byte-compiling /home/sachin/ros2_drone/install/drone_delivery_system/lib/python3.12/site-packages/drone_delivery_system/obstacle_avoider.py to obstacle_avoider.cpython-312.pyc
[1.274s] running install_data
[1.274s] creating /home/sachin/ros2_drone/install/drone_delivery_system/share/ament_index
[1.274s] creating /home/sachin/ros2_drone/install/drone_delivery_system/share/ament_index/resource_index
[1.274s] creating /home/sachin/ros2_drone/install/drone_delivery_system/share/ament_index/resource_index/packages
[1.275s] copying resource/drone_delivery_system -> /home/sachin/ros2_drone/install/drone_delivery_system/share/ament_index/resource_index/packages
[1.275s] copying package.xml -> /home/sachin/ros2_drone/install/drone_delivery_system/share/drone_delivery_system
[1.275s] creating /home/sachin/ros2_drone/install/drone_delivery_system/share/drone_delivery_system/launch
[1.275s] copying launch/delivery_system.launch.py -> /home/sachin/ros2_drone/install/drone_delivery_system/share/drone_delivery_system/launch
[1.275s] creating /home/sachin/ros2_drone/install/drone_delivery_system/share/drone_delivery_system/config
[1.275s] copying config/delivery_params.yaml -> /home/sachin/ros2_drone/install/drone_delivery_system/share/drone_delivery_system/config
[1.275s] creating /home/sachin/ros2_drone/install/drone_delivery_system/share/drone_delivery_system/models
[1.275s] copying models/delivery_box.sdf -> /home/sachin/ros2_drone/install/drone_delivery_system/share/drone_delivery_system/models
[1.275s] running install_egg_info
[1.289s] Copying ../../build/drone_delivery_system/drone_delivery_system.egg-info to /home/sachin/ros2_drone/install/drone_delivery_system/lib/python3.12/site-packages/drone_delivery_system-1.0.0-py3.12.egg-info
[1.289s] running install_scripts
[1.379s] Installing dual_camera_yolo_detector script to /home/sachin/ros2_drone/install/drone_delivery_system/lib/drone_delivery_system
[1.380s] Installing enhanced_delivery_controller script to /home/sachin/ros2_drone/install/drone_delivery_system/lib/drone_delivery_system
[1.380s] Installing mission_planner script to /home/sachin/ros2_drone/install/drone_delivery_system/lib/drone_delivery_system
[1.380s] Installing payload_manager script to /home/sachin/ros2_drone/install/drone_delivery_system/lib/drone_delivery_system
[1.380s] writing list of installed files to '/home/sachin/ros2_drone/build/drone_delivery_system/install.log'
[1.414s] Invoked command in '/home/sachin/ros2_drone/src/drone_delivery_system' returned '0': DEBUGINFOD_URLS=https://debuginfod.ubuntu.com PS1=(.ros2_venv) \[\e]0;\u@\h: \w\a\]${debian_chroot:+($debian_chroot)}\[\033[01;32m\]\u@\h\[\033[00m\]:\[\033[01;34m\]\w\[\033[00m\]\$ PYTHONPATH=/home/sachin/ros2_drone/build/drone_delivery_system/prefix_override:/usr/lib/python3/dist-packages/colcon_core/task/python/colcon_distutils_commands:/home/sachin/ros2_drone/install/drone_delivery_system/lib/python3.12/site-packages:${PYTHONPATH} VIRTUAL_ENV_PROMPT=(.ros2_venv) /usr/bin/python3 -W ignore:setup.py install is deprecated -W ignore:easy_install command is deprecated setup.py egg_info --egg-base ../../build/drone_delivery_system build --build-base /home/sachin/ros2_drone/build/drone_delivery_system/build install --record /home/sachin/ros2_drone/build/drone_delivery_system/install.log --single-version-externally-managed install_data
