/home/sachin/ros2_drone/install/sjtu_drone_control/lib/python3.12/site-packages/sjtu_drone_control/__init__.py
/home/sachin/ros2_drone/install/sjtu_drone_control/lib/python3.12/site-packages/sjtu_drone_control/teleop.py
/home/sachin/ros2_drone/install/sjtu_drone_control/lib/python3.12/site-packages/sjtu_drone_control/teleop_joystick.py
/home/sachin/ros2_drone/install/sjtu_drone_control/lib/python3.12/site-packages/sjtu_drone_control/drone_position_control.py
/home/sachin/ros2_drone/install/sjtu_drone_control/lib/python3.12/site-packages/sjtu_drone_control/open_loop_control.py
/home/sachin/ros2_drone/install/sjtu_drone_control/lib/python3.12/site-packages/sjtu_drone_control/__pycache__/__init__.cpython-312.pyc
/home/sachin/ros2_drone/install/sjtu_drone_control/lib/python3.12/site-packages/sjtu_drone_control/__pycache__/teleop.cpython-312.pyc
/home/sachin/ros2_drone/install/sjtu_drone_control/lib/python3.12/site-packages/sjtu_drone_control/__pycache__/teleop_joystick.cpython-312.pyc
/home/sachin/ros2_drone/install/sjtu_drone_control/lib/python3.12/site-packages/sjtu_drone_control/__pycache__/drone_position_control.cpython-312.pyc
/home/sachin/ros2_drone/install/sjtu_drone_control/lib/python3.12/site-packages/sjtu_drone_control/__pycache__/open_loop_control.cpython-312.pyc
/home/sachin/ros2_drone/install/sjtu_drone_control/share/ament_index/resource_index/packages/sjtu_drone_control
/home/sachin/ros2_drone/install/sjtu_drone_control/share/sjtu_drone_control/package.xml
/home/sachin/ros2_drone/install/sjtu_drone_control/lib/python3.12/site-packages/sjtu_drone_control-0.0.0-py3.12.egg-info/PKG-INFO
/home/sachin/ros2_drone/install/sjtu_drone_control/lib/python3.12/site-packages/sjtu_drone_control-0.0.0-py3.12.egg-info/requires.txt
/home/sachin/ros2_drone/install/sjtu_drone_control/lib/python3.12/site-packages/sjtu_drone_control-0.0.0-py3.12.egg-info/zip-safe
/home/sachin/ros2_drone/install/sjtu_drone_control/lib/python3.12/site-packages/sjtu_drone_control-0.0.0-py3.12.egg-info/dependency_links.txt
/home/sachin/ros2_drone/install/sjtu_drone_control/lib/python3.12/site-packages/sjtu_drone_control-0.0.0-py3.12.egg-info/SOURCES.txt
/home/sachin/ros2_drone/install/sjtu_drone_control/lib/python3.12/site-packages/sjtu_drone_control-0.0.0-py3.12.egg-info/top_level.txt
/home/sachin/ros2_drone/install/sjtu_drone_control/lib/python3.12/site-packages/sjtu_drone_control-0.0.0-py3.12.egg-info/entry_points.txt
/home/sachin/ros2_drone/install/sjtu_drone_control/lib/sjtu_drone_control/drone_position_control
/home/sachin/ros2_drone/install/sjtu_drone_control/lib/sjtu_drone_control/open_loop_control
/home/sachin/ros2_drone/install/sjtu_drone_control/lib/sjtu_drone_control/teleop
/home/sachin/ros2_drone/install/sjtu_drone_control/lib/sjtu_drone_control/teleop_joystick
