[  7%] Built target gtest
[ 14%] Built target gtest_main
[ 29%] Built target plugin_drone
[ 40%] Built target test_pid_controller
[ 48%] Built target test_model_sdf
[ 55%] Built target test_integration
[ 62%] Built target test_world_loads
[ 81%] Built target test_plugin_drone_dynamics
[100%] Built target test_plugin_drone_configure
-- Install configuration: ""
-- Up-to-date: /home/sachin/ros2_drone/install/sjtu_drone_description/lib/sjtu_drone_description/libplugin_drone.so
-- Up-to-date: /home/sachin/ros2_drone/install/sjtu_drone_description/include
-- Up-to-date: /home/sachin/ros2_drone/install/sjtu_drone_description/include/sjtu_drone_description
-- Up-to-date: /home/sachin/ros2_drone/install/sjtu_drone_description/include/sjtu_drone_description/plugin_drone_private.h
-- Up-to-date: /home/sachin/ros2_drone/install/sjtu_drone_description/include/sjtu_drone_description/pid_controller.h
-- Up-to-date: /home/sachin/ros2_drone/install/sjtu_drone_description/include/sjtu_drone_description/plugin_drone.h
-- Up-to-date: /home/sachin/ros2_drone/install/sjtu_drone_description/share/sjtu_drone_description/models
-- Up-to-date: /home/sachin/ros2_drone/install/sjtu_drone_description/share/sjtu_drone_description/models/database.config
-- Up-to-date: /home/sachin/ros2_drone/install/sjtu_drone_description/share/sjtu_drone_description/models/sjtu_drone
-- Up-to-date: /home/sachin/ros2_drone/install/sjtu_drone_description/share/sjtu_drone_description/models/sjtu_drone/model.config
-- Up-to-date: /home/sachin/ros2_drone/install/sjtu_drone_description/share/sjtu_drone_description/models/sjtu_drone/sjtu_drone.sdf
-- Up-to-date: /home/sachin/ros2_drone/install/sjtu_drone_description/share/sjtu_drone_description/models/sjtu_drone/quadrotor_4.stl
-- Up-to-date: /home/sachin/ros2_drone/install/sjtu_drone_description/share/sjtu_drone_description/models/sjtu_drone/quadrotor_4.dae
-- Up-to-date: /home/sachin/ros2_drone/install/sjtu_drone_description/share/sjtu_drone_description/urdf
-- Up-to-date: /home/sachin/ros2_drone/install/sjtu_drone_description/share/sjtu_drone_description/urdf/sjtu_drone.urdf
-- Up-to-date: /home/sachin/ros2_drone/install/sjtu_drone_description/share/sjtu_drone_description/urdf/sjtu_drone.urdf.xacro
-- Up-to-date: /home/sachin/ros2_drone/install/sjtu_drone_description/share/sjtu_drone_description/worlds
-- Up-to-date: /home/sachin/ros2_drone/install/sjtu_drone_description/share/sjtu_drone_description/worlds/home.sdf
-- Up-to-date: /home/sachin/ros2_drone/install/sjtu_drone_description/share/ament_index/resource_index/package_run_dependencies/sjtu_drone_description
-- Up-to-date: /home/sachin/ros2_drone/install/sjtu_drone_description/share/ament_index/resource_index/parent_prefix_path/sjtu_drone_description
-- Up-to-date: /home/sachin/ros2_drone/install/sjtu_drone_description/share/sjtu_drone_description/environment/ament_prefix_path.sh
-- Up-to-date: /home/sachin/ros2_drone/install/sjtu_drone_description/share/sjtu_drone_description/environment/ament_prefix_path.dsv
-- Up-to-date: /home/sachin/ros2_drone/install/sjtu_drone_description/share/sjtu_drone_description/environment/path.sh
-- Up-to-date: /home/sachin/ros2_drone/install/sjtu_drone_description/share/sjtu_drone_description/environment/path.dsv
-- Up-to-date: /home/sachin/ros2_drone/install/sjtu_drone_description/share/sjtu_drone_description/local_setup.bash
-- Up-to-date: /home/sachin/ros2_drone/install/sjtu_drone_description/share/sjtu_drone_description/local_setup.sh
-- Up-to-date: /home/sachin/ros2_drone/install/sjtu_drone_description/share/sjtu_drone_description/local_setup.zsh
-- Up-to-date: /home/sachin/ros2_drone/install/sjtu_drone_description/share/sjtu_drone_description/local_setup.dsv
-- Installing: /home/sachin/ros2_drone/install/sjtu_drone_description/share/sjtu_drone_description/package.dsv
-- Up-to-date: /home/sachin/ros2_drone/install/sjtu_drone_description/share/ament_index/resource_index/packages/sjtu_drone_description
-- Up-to-date: /home/sachin/ros2_drone/install/sjtu_drone_description/share/sjtu_drone_description/cmake/sjtu_drone_descriptionConfig.cmake
-- Up-to-date: /home/sachin/ros2_drone/install/sjtu_drone_description/share/sjtu_drone_description/cmake/sjtu_drone_descriptionConfig-version.cmake
-- Up-to-date: /home/sachin/ros2_drone/install/sjtu_drone_description/share/sjtu_drone_description/package.xml
