[0.836s] Invoking command in '/home/sachin/ros2_drone/build/sjtu_drone_description': CMAKE_PREFIX_PATH=${CMAKE_PREFIX_PATH}:/opt/ros/jazzy DEBUGINFOD_URLS=https://debuginfod.ubuntu.com PS1=(.ros2_venv) \[\e]0;\u@\h: \w\a\]${debian_chroot:+($debian_chroot)}\[\033[01;32m\]\u@\h\[\033[00m\]:\[\033[01;34m\]\w\[\033[00m\]\$ VIRTUAL_ENV_PROMPT=(.ros2_venv) /usr/bin/cmake --build /home/sachin/ros2_drone/build/sjtu_drone_description -- -j12 -l12
[0.949s] [  7%] Built target gtest
[0.952s] [ 14%] Built target gtest_main
[0.970s] [ 29%] Built target plugin_drone
[0.991s] [ 40%] Built target test_pid_controller
[0.992s] [ 48%] Built target test_model_sdf
[0.992s] [ 55%] Built target test_integration
[0.993s] [ 62%] Built target test_world_loads
[1.009s] [ 81%] Built target test_plugin_drone_dynamics
[1.015s] [100%] Built target test_plugin_drone_configure
[1.033s] Invoked command in '/home/sachin/ros2_drone/build/sjtu_drone_description' returned '0': CMAKE_PREFIX_PATH=${CMAKE_PREFIX_PATH}:/opt/ros/jazzy DEBUGINFOD_URLS=https://debuginfod.ubuntu.com PS1=(.ros2_venv) \[\e]0;\u@\h: \w\a\]${debian_chroot:+($debian_chroot)}\[\033[01;32m\]\u@\h\[\033[00m\]:\[\033[01;34m\]\w\[\033[00m\]\$ VIRTUAL_ENV_PROMPT=(.ros2_venv) /usr/bin/cmake --build /home/sachin/ros2_drone/build/sjtu_drone_description -- -j12 -l12
[1.048s] Invoking command in '/home/sachin/ros2_drone/build/sjtu_drone_description': CMAKE_PREFIX_PATH=${CMAKE_PREFIX_PATH}:/opt/ros/jazzy DEBUGINFOD_URLS=https://debuginfod.ubuntu.com PS1=(.ros2_venv) \[\e]0;\u@\h: \w\a\]${debian_chroot:+($debian_chroot)}\[\033[01;32m\]\u@\h\[\033[00m\]:\[\033[01;34m\]\w\[\033[00m\]\$ VIRTUAL_ENV_PROMPT=(.ros2_venv) /usr/bin/cmake --install /home/sachin/ros2_drone/build/sjtu_drone_description
[1.059s] -- Install configuration: ""
[1.060s] -- Up-to-date: /home/sachin/ros2_drone/install/sjtu_drone_description/lib/sjtu_drone_description/libplugin_drone.so
[1.060s] -- Up-to-date: /home/sachin/ros2_drone/install/sjtu_drone_description/include
[1.060s] -- Up-to-date: /home/sachin/ros2_drone/install/sjtu_drone_description/include/sjtu_drone_description
[1.060s] -- Up-to-date: /home/sachin/ros2_drone/install/sjtu_drone_description/include/sjtu_drone_description/plugin_drone_private.h
[1.060s] -- Up-to-date: /home/sachin/ros2_drone/install/sjtu_drone_description/include/sjtu_drone_description/pid_controller.h
[1.060s] -- Up-to-date: /home/sachin/ros2_drone/install/sjtu_drone_description/include/sjtu_drone_description/plugin_drone.h
[1.061s] -- Up-to-date: /home/sachin/ros2_drone/install/sjtu_drone_description/share/sjtu_drone_description/models
[1.061s] -- Up-to-date: /home/sachin/ros2_drone/install/sjtu_drone_description/share/sjtu_drone_description/models/database.config
[1.061s] -- Up-to-date: /home/sachin/ros2_drone/install/sjtu_drone_description/share/sjtu_drone_description/models/sjtu_drone
[1.061s] -- Up-to-date: /home/sachin/ros2_drone/install/sjtu_drone_description/share/sjtu_drone_description/models/sjtu_drone/model.config
[1.061s] -- Up-to-date: /home/sachin/ros2_drone/install/sjtu_drone_description/share/sjtu_drone_description/models/sjtu_drone/sjtu_drone.sdf
[1.061s] -- Up-to-date: /home/sachin/ros2_drone/install/sjtu_drone_description/share/sjtu_drone_description/models/sjtu_drone/quadrotor_4.stl
[1.061s] -- Up-to-date: /home/sachin/ros2_drone/install/sjtu_drone_description/share/sjtu_drone_description/models/sjtu_drone/quadrotor_4.dae
[1.061s] -- Up-to-date: /home/sachin/ros2_drone/install/sjtu_drone_description/share/sjtu_drone_description/urdf
[1.062s] -- Up-to-date: /home/sachin/ros2_drone/install/sjtu_drone_description/share/sjtu_drone_description/urdf/sjtu_drone.urdf
[1.062s] -- Up-to-date: /home/sachin/ros2_drone/install/sjtu_drone_description/share/sjtu_drone_description/urdf/sjtu_drone.urdf.xacro
[1.062s] -- Up-to-date: /home/sachin/ros2_drone/install/sjtu_drone_description/share/sjtu_drone_description/worlds
[1.062s] -- Up-to-date: /home/sachin/ros2_drone/install/sjtu_drone_description/share/sjtu_drone_description/worlds/home.sdf
[1.062s] -- Up-to-date: /home/sachin/ros2_drone/install/sjtu_drone_description/share/ament_index/resource_index/package_run_dependencies/sjtu_drone_description
[1.062s] -- Up-to-date: /home/sachin/ros2_drone/install/sjtu_drone_description/share/ament_index/resource_index/parent_prefix_path/sjtu_drone_description
[1.062s] -- Up-to-date: /home/sachin/ros2_drone/install/sjtu_drone_description/share/sjtu_drone_description/environment/ament_prefix_path.sh
[1.062s] -- Up-to-date: /home/sachin/ros2_drone/install/sjtu_drone_description/share/sjtu_drone_description/environment/ament_prefix_path.dsv
[1.063s] -- Up-to-date: /home/sachin/ros2_drone/install/sjtu_drone_description/share/sjtu_drone_description/environment/path.sh
[1.063s] -- Up-to-date: /home/sachin/ros2_drone/install/sjtu_drone_description/share/sjtu_drone_description/environment/path.dsv
[1.063s] -- Up-to-date: /home/sachin/ros2_drone/install/sjtu_drone_description/share/sjtu_drone_description/local_setup.bash
[1.063s] -- Up-to-date: /home/sachin/ros2_drone/install/sjtu_drone_description/share/sjtu_drone_description/local_setup.sh
[1.063s] -- Up-to-date: /home/sachin/ros2_drone/install/sjtu_drone_description/share/sjtu_drone_description/local_setup.zsh
[1.063s] -- Up-to-date: /home/sachin/ros2_drone/install/sjtu_drone_description/share/sjtu_drone_description/local_setup.dsv
[1.063s] -- Installing: /home/sachin/ros2_drone/install/sjtu_drone_description/share/sjtu_drone_description/package.dsv
[1.064s] -- Up-to-date: /home/sachin/ros2_drone/install/sjtu_drone_description/share/ament_index/resource_index/packages/sjtu_drone_description
[1.064s] -- Up-to-date: /home/sachin/ros2_drone/install/sjtu_drone_description/share/sjtu_drone_description/cmake/sjtu_drone_descriptionConfig.cmake
[1.064s] -- Up-to-date: /home/sachin/ros2_drone/install/sjtu_drone_description/share/sjtu_drone_description/cmake/sjtu_drone_descriptionConfig-version.cmake
[1.064s] -- Up-to-date: /home/sachin/ros2_drone/install/sjtu_drone_description/share/sjtu_drone_description/package.xml
[1.065s] Invoked command in '/home/sachin/ros2_drone/build/sjtu_drone_description' returned '0': CMAKE_PREFIX_PATH=${CMAKE_PREFIX_PATH}:/opt/ros/jazzy DEBUGINFOD_URLS=https://debuginfod.ubuntu.com PS1=(.ros2_venv) \[\e]0;\u@\h: \w\a\]${debian_chroot:+($debian_chroot)}\[\033[01;32m\]\u@\h\[\033[00m\]:\[\033[01;34m\]\w\[\033[00m\]\$ VIRTUAL_ENV_PROMPT=(.ros2_venv) /usr/bin/cmake --install /home/sachin/ros2_drone/build/sjtu_drone_description
