running egg_info
writing ../../build/sjtu_drone_bringup/sjtu_drone_bringup.egg-info/PKG-INFO
writing dependency_links to ../../build/sjtu_drone_bringup/sjtu_drone_bringup.egg-info/dependency_links.txt
writing entry points to ../../build/sjtu_drone_bringup/sjtu_drone_bringup.egg-info/entry_points.txt
writing requirements to ../../build/sjtu_drone_bringup/sjtu_drone_bringup.egg-info/requires.txt
writing top-level names to ../../build/sjtu_drone_bringup/sjtu_drone_bringup.egg-info/top_level.txt
reading manifest file '../../build/sjtu_drone_bringup/sjtu_drone_bringup.egg-info/SOURCES.txt'
writing manifest file '../../build/sjtu_drone_bringup/sjtu_drone_bringup.egg-info/SOURCES.txt'
running build
running build_py
running install
running install_lib
running install_data
copying launch/sjtu_drone_gazebo.launch.py -> /home/sachin/ros2_drone/install/sjtu_drone_bringup/share/sjtu_drone_bringup/launch
running install_egg_info
removing '/home/sachin/ros2_drone/install/sjtu_drone_bringup/lib/python3.12/site-packages/sjtu_drone_bringup-0.0.0-py3.12.egg-info' (and everything under it)
Copying ../../build/sjtu_drone_bringup/sjtu_drone_bringup.egg-info to /home/sachin/ros2_drone/install/sjtu_drone_bringup/lib/python3.12/site-packages/sjtu_drone_bringup-0.0.0-py3.12.egg-info
running install_scripts
Installing spawn_drone script to /home/sachin/ros2_drone/install/sjtu_drone_bringup/lib/sjtu_drone_bringup
writing list of installed files to '/home/sachin/ros2_drone/build/sjtu_drone_bringup/install.log'
