[0.440s] Invoking command in '/home/sachin/ros2_drone/build/sjtu_drone_description': CMAKE_PREFIX_PATH=${CMAKE_PREFIX_PATH}:/home/sachin/sjtu_drone/install/sjtu_drone_control:/home/sachin/sjtu_drone/install/sjtu_drone_bringup:/home/sachin/sjtu_drone/install/drone_delivery_system:/opt/ros/jazzy DEBUGINFOD_URLS=https://debuginfod.ubuntu.com PS1=(.ros2_venv) \[\e]0;\u@\h: \w\a\]${debian_chroot:+($debian_chroot)}\[\033[01;32m\]\u@\h\[\033[00m\]:\[\033[01;34m\]\w\[\033[00m\]\$ VIRTUAL_ENV_PROMPT=(.ros2_venv) /usr/bin/cmake /home/sachin/ros2_drone/src/sjtu_drone_description -DCMAKE_INSTALL_PREFIX=/home/sachin/ros2_drone/install/sjtu_drone_description
[0.580s] -- The C compiler identification is GNU 13.3.0
[0.683s] -- The CXX compiler identification is GNU 13.3.0
[0.700s] -- Detecting C compiler ABI info
[0.787s] -- Detecting C compiler ABI info - done
[0.793s] -- Check for working C compiler: /usr/bin/cc - skipped
[0.793s] -- Detecting C compile features
[0.794s] -- Detecting C compile features - done
[0.803s] -- Detecting CXX compiler ABI info
[0.891s] -- Detecting CXX compiler ABI info - done
[0.901s] -- Check for working CXX compiler: /usr/bin/c++ - skipped
[0.901s] -- Detecting CXX compile features
[0.902s] -- Detecting CXX compile features - done
[0.909s] -- Found ament_cmake: 2.5.6 (/opt/ros/jazzy/share/ament_cmake/cmake)
[1.026s] -- Found Python3: /home/sachin/.ros2_venv/bin/python3 (found version "3.12.3") found components: Interpreter 
[1.140s] -- Found rclcpp: 28.1.18 (/opt/ros/jazzy/share/rclcpp/cmake)
[1.197s] -- Found rosidl_generator_c: 4.6.7 (/opt/ros/jazzy/share/rosidl_generator_c/cmake)
[1.211s] -- Found rosidl_generator_cpp: 4.6.7 (/opt/ros/jazzy/share/rosidl_generator_cpp/cmake)
[1.232s] -- Using all available rosidl_typesupport_c: rosidl_typesupport_fastrtps_c;rosidl_typesupport_introspection_c
[1.251s] -- Using all available rosidl_typesupport_cpp: rosidl_typesupport_fastrtps_cpp;rosidl_typesupport_introspection_cpp
[1.331s] -- Found rmw_implementation_cmake: 7.3.3 (/opt/ros/jazzy/share/rmw_implementation_cmake/cmake)
[1.335s] -- Found rmw_fastrtps_cpp: 8.4.3 (/opt/ros/jazzy/share/rmw_fastrtps_cpp/cmake)
[1.442s] -- Found OpenSSL: /usr/lib/x86_64-linux-gnu/libcrypto.so (found version "3.0.13")  
[1.460s] -- Found FastRTPS: /opt/ros/jazzy/include (Required is at least version "2.13") 
[1.478s] -- Using RMW implementation 'rmw_fastrtps_cpp' as default
[1.549s] -- Found std_msgs: 5.3.7 (/opt/ros/jazzy/share/std_msgs/cmake)
[1.562s] -- Found geometry_msgs: 5.3.7 (/opt/ros/jazzy/share/geometry_msgs/cmake)
[1.577s] -- Found sensor_msgs: 5.3.7 (/opt/ros/jazzy/share/sensor_msgs/cmake)
[1.597s] -- Found nav_msgs: 5.3.7 (/opt/ros/jazzy/share/nav_msgs/cmake)
[1.619s] -- Found tf2_ros: 0.36.20 (/opt/ros/jazzy/share/tf2_ros/cmake)
[1.737s] -- Found tf2_geometry_msgs: 0.36.20 (/opt/ros/jazzy/share/tf2_geometry_msgs/cmake)
[1.753s] -- Found eigen3_cmake_module: 0.3.0 (/opt/ros/jazzy/share/eigen3_cmake_module/cmake)
[1.754s] -- Found Eigen3: TRUE (found version "3.4.0") 
[1.755s] -- Ensuring Eigen3 include directory is part of orocos-kdl CMake target
[1.818s] -- Looking for gz-sim8 -- found version 8.11.0
[1.825s] -- Searching for dependencies of gz-sim8
[1.827s] -- Looking for sdformat14 -- found version 14.9.0
[1.827s] -- Searching for dependencies of sdformat14
[1.832s] -- Checking for module 'tinyxml2'
[1.848s] --   Found tinyxml2, version 10.0.0
[1.891s] -- Looking for gz-math7 -- found version 7.5.2
[1.891s] -- Searching for dependencies of gz-math7
[1.895s] -- Looking for gz-utils2 -- found version 2.2.1
[1.895s] -- Searching for dependencies of gz-utils2
[1.896s] -- Looking for gz-utils2 -- found version 2.2.1
[1.896s] -- Searching for dependencies of gz-utils2
[1.896s] -- Searching for <gz-utils2> component [cli]
[1.898s] -- Looking for gz-utils2-cli -- found version 2.2.1
[1.898s] -- Searching for dependencies of gz-utils2-cli
[1.901s] -- Looking for gz-plugin2 -- found version 2.0.4
[1.901s] -- Searching for dependencies of gz-plugin2
[1.901s] -- Looking for gz-utils2 -- found version 2.2.1
[1.901s] -- Searching for <gz-plugin2> component [loader]
[1.903s] -- Looking for gz-plugin2-loader -- found version 2.0.4
[1.903s] -- Searching for dependencies of gz-plugin2-loader
[1.904s] -- Searching for <gz-plugin2> component [register]
[1.906s] -- Looking for gz-plugin2-register -- found version 2.0.4
[1.906s] -- Searching for dependencies of gz-plugin2-register
[1.908s] -- Looking for gz-transport13 -- found version 13.5.0
[1.908s] -- Searching for dependencies of gz-transport13
[2.029s] -- Found Protobuf: /usr/lib/x86_64-linux-gnu/libprotobuf.so (found version "3.21.12") 
[2.038s] -- Config-file not installed for ZeroMQ -- checking for pkg-config
[2.042s] -- Checking for module 'libzmq >= 4'
[2.059s] --   Found libzmq, version 4.3.5
[2.119s] -- Found ZeroMQ: TRUE (Required is at least version "4") 
[2.129s] -- Checking for module 'uuid'
[2.155s] --   Found uuid, version 2.39.3
[2.212s] -- Found UUID: TRUE  
[2.212s] -- Looking for gz-utils2 -- found version 2.2.1
[2.217s] -- Looking for gz-msgs10 -- found version 10.3.2
[2.217s] -- Searching for dependencies of gz-msgs10
[2.232s] -- Looking for gz-utils2 -- found version 2.2.1
[2.232s] -- Looking for gz-math7 -- found version 7.5.2
[2.240s] -- Searching for <gz-transport13> component [log]
[2.242s] -- Looking for gz-transport13-log -- found version 13.5.0
[2.242s] -- Searching for dependencies of gz-transport13-log
[2.242s] -- Searching for <gz-transport13> component [parameters]
[2.244s] -- Looking for gz-transport13-parameters -- found version 13.5.0
[2.244s] -- Searching for dependencies of gz-transport13-parameters
[2.245s] -- Looking for gz-msgs10 -- found version 10.3.2
[2.247s] -- Looking for gz-common5 -- found version 5.8.0
[2.247s] -- Searching for dependencies of gz-common5
[2.247s] -- Looking for gz-utils2 -- found version 2.2.1
[2.247s] -- Looking for dlfcn.h - found
[2.249s] -- Looking for libdl - found
[2.249s] -- Found DL: TRUE  
[2.255s] -- Searching for <gz-common5> component [av]
[2.257s] -- Looking for gz-common5-av -- found version 5.8.0
[2.257s] -- Searching for dependencies of gz-common5-av
[2.261s] -- Checking for module 'libswscale'
[2.279s] --   Found libswscale, version 7.5.100
[2.315s] -- Found SWSCALE: TRUE  
[2.320s] -- Checking for module 'libavdevice >= 56.4.100'
[2.335s] --   Found libavdevice, version 60.3.100
[2.387s] -- Found AVDEVICE: TRUE (Required is at least version "56.4.100") 
[2.396s] -- Checking for module 'libavformat'
[2.416s] --   Found libavformat, version 60.16.100
[2.466s] -- Found AVFORMAT: TRUE  
[2.474s] -- Checking for module 'libavcodec'
[2.494s] --   Found libavcodec, version 60.31.102
[2.548s] -- Found AVCODEC: TRUE  
[2.556s] -- Checking for module 'libavutil'
[2.580s] --   Found libavutil, version 58.29.100
[2.634s] -- Found AVUTIL: TRUE  
[2.637s] -- Searching for <gz-common5> component [events]
[2.640s] -- Looking for gz-common5-events -- found version 5.8.0
[2.640s] -- Searching for dependencies of gz-common5-events
[2.640s] -- Looking for gz-math7 -- found version 7.5.2
[2.641s] -- Searching for <gz-common5> component [graphics]
[2.643s] -- Looking for gz-common5-graphics -- found version 5.8.0
[2.643s] -- Searching for dependencies of gz-common5-graphics
[2.643s] -- Looking for gz-math7 -- found version 7.5.2
[2.648s] -- Found GzAssimp: TRUE (found version "5.3.0") 
[2.648s] -- Searching for <gz-common5> component [io]
[2.650s] -- Looking for gz-common5-io -- found version 5.8.0
[2.650s] -- Searching for dependencies of gz-common5-io
[2.650s] -- Searching for <gz-common5> component [profiler]
[2.652s] -- Looking for gz-common5-profiler -- found version 5.8.0
[2.652s] -- Searching for dependencies of gz-common5-profiler
[2.654s] -- Looking for gz-fuel_tools9 -- found version 9.1.1
[2.654s] -- Searching for dependencies of gz-fuel_tools9
[2.758s] -- Found CURL: /usr/lib/x86_64-linux-gnu/libcurl.so (found version "8.5.0")  
[2.768s] -- Checking for module 'jsoncpp'
[2.788s] --   Found jsoncpp, version 1.9.5
[2.845s] -- Found JSONCPP: TRUE  
[2.866s] -- Checking for module 'yaml-0.1'
[2.883s] --   Found yaml-0.1, version 0.2.5
[2.936s] -- Found YAML: TRUE  
[2.945s] -- Checking for module 'libzip'
[2.969s] --   Found libzip, version 1.7.3
[3.027s] -- Found ZIP: TRUE  
[3.028s] -- Looking for gz-utils2 -- found version 2.2.1
[3.028s] -- Looking for gz-common5 -- found version 5.8.0
[3.029s] -- Searching for dependencies of gz-common5
[3.029s] -- Looking for gz-utils2 -- found version 2.2.1
[3.029s] -- Looking for dlfcn.h - found
[3.029s] -- Looking for libdl - found
[3.036s] -- Searching for <gz-common5> component [testing]
[3.040s] -- Looking for gz-common5-testing -- found version 5.8.0
[3.040s] -- Searching for dependencies of gz-common5-testing
[3.041s] -- Looking for gz-math7 -- found version 7.5.2
[3.041s] -- Looking for gz-msgs10 -- found version 10.3.2
[3.044s] -- Looking for gz-gui8 -- found version 8.4.0
[3.044s] -- Searching for dependencies of gz-gui8
[3.063s] -- Looking for gz-utils2 -- found version 2.2.1
[3.063s] -- Looking for gz-math7 -- found version 7.5.2
[3.063s] -- Looking for gz-common5 -- found version 5.8.0
[3.064s] -- Looking for gz-plugin2 -- found version 2.0.4
[3.064s] -- Looking for gz-transport13 -- found version 13.5.0
[3.067s] -- Looking for gz-rendering8 -- found version 8.2.3
[3.067s] -- Searching for dependencies of gz-rendering8
[3.068s] -- Looking for gz-math7 -- found version 7.5.2
[3.068s] -- Searching for dependencies of gz-math7
[3.068s] -- Looking for gz-utils2 -- found version 2.2.1
[3.068s] -- Searching for <gz-math7> component [eigen3]
[3.070s] -- Looking for gz-math7-eigen3 -- found version 7.5.2
[3.070s] -- Searching for dependencies of gz-math7-eigen3
[3.072s] -- Looking for gz-common5 -- found version 5.8.0
[3.072s] -- Searching for dependencies of gz-common5
[3.073s] -- Looking for gz-utils2 -- found version 2.2.1
[3.073s] -- Looking for dlfcn.h - found
[3.073s] -- Looking for libdl - found
[3.082s] -- Searching for <gz-common5> component [graphics]
[3.083s] -- Searching for <gz-common5> component [events]
[3.083s] -- Searching for <gz-common5> component [geospatial]
[3.085s] -- Looking for gz-common5-geospatial -- found version 5.8.0
[3.085s] -- Searching for dependencies of gz-common5-geospatial
[3.085s] -- Looking for gz-math7 -- found version 7.5.2
[3.085s] -- Looking for gz-common5 -- found version 5.8.0
[3.086s] -- Looking for gz-plugin2 -- found version 2.0.4
[3.086s] -- Searching for dependencies of gz-plugin2
[3.086s] -- Looking for gz-utils2 -- found version 2.2.1
[3.087s] -- Searching for <gz-plugin2> component [all]
[3.088s] -- Looking for all libraries of gz-plugin2 -- found version 2.0.4
[3.088s] -- Looking for gz-plugin2 -- found version 2.0.4
[3.089s] -- Looking for gz-utils2 -- found version 2.2.1
[3.101s] -- Found OpenGL: /usr/lib/x86_64-linux-gnu/libOpenGL.so  found components: OpenGL 
[3.102s] -- Looking for gz-msgs10 -- found version 10.3.2
[3.128s] -- Looking for gz-physics7 -- found version 7.6.0
[3.129s] -- Searching for dependencies of gz-physics7
[3.129s] -- Looking for gz-common5 -- found version 5.8.0
[3.129s] -- Looking for gz-math7 -- found version 7.5.2
[3.129s] -- Looking for gz-plugin2 -- found version 2.0.4
[3.129s] -- Looking for gz-utils2 -- found version 2.2.1
[3.131s] -- Searching for <gz-physics7> component [heightmap]
[3.132s] -- Looking for gz-physics7-heightmap -- found version 7.6.0
[3.132s] -- Searching for dependencies of gz-physics7-heightmap
[3.132s] -- Looking for gz-common5 -- found version 5.8.0
[3.133s] -- Searching for <gz-physics7> component [mesh]
[3.134s] -- Looking for gz-physics7-mesh -- found version 7.6.0
[3.134s] -- Searching for dependencies of gz-physics7-mesh
[3.134s] -- Looking for gz-common5 -- found version 5.8.0
[3.135s] -- Searching for <gz-physics7> component [sdf]
[3.136s] -- Looking for gz-physics7-sdf -- found version 7.6.0
[3.137s] -- Searching for dependencies of gz-physics7-sdf
[3.137s] -- Looking for sdformat14 -- found version 14.9.0
[3.140s] -- Looking for gz-sensors8 -- found version 8.2.2
[3.140s] -- Searching for dependencies of gz-sensors8
[3.154s] -- Looking for gz-math7 -- found version 7.5.2
[3.154s] -- Looking for gz-common5 -- found version 5.8.0
[3.155s] -- Looking for gz-transport13 -- found version 13.5.0
[3.155s] -- Looking for gz-rendering8 -- found version 8.2.3
[3.155s] -- Looking for gz-msgs10 -- found version 10.3.2
[3.155s] -- Looking for sdformat14 -- found version 14.9.0
[3.156s] -- Searching for <gz-sensors8> component [air_pressure]
[3.157s] -- Looking for gz-sensors8-air_pressure -- found version 8.2.2
[3.157s] -- Searching for dependencies of gz-sensors8-air_pressure
[3.158s] -- Searching for <gz-sensors8> component [air_speed]
[3.159s] -- Looking for gz-sensors8-air_speed -- found version 8.2.2
[3.159s] -- Searching for dependencies of gz-sensors8-air_speed
[3.160s] -- Searching for <gz-sensors8> component [altimeter]
[3.161s] -- Looking for gz-sensors8-altimeter -- found version 8.2.2
[3.161s] -- Searching for dependencies of gz-sensors8-altimeter
[3.162s] -- Searching for <gz-sensors8> component [imu]
[3.163s] -- Looking for gz-sensors8-imu -- found version 8.2.2
[3.163s] -- Searching for dependencies of gz-sensors8-imu
[3.164s] -- Searching for <gz-sensors8> component [force_torque]
[3.165s] -- Looking for gz-sensors8-force_torque -- found version 8.2.2
[3.165s] -- Searching for dependencies of gz-sensors8-force_torque
[3.165s] -- Searching for <gz-sensors8> component [logical_camera]
[3.166s] -- Looking for gz-sensors8-logical_camera -- found version 8.2.2
[3.166s] -- Searching for dependencies of gz-sensors8-logical_camera
[3.167s] -- Searching for <gz-sensors8> component [magnetometer]
[3.168s] -- Looking for gz-sensors8-magnetometer -- found version 8.2.2
[3.168s] -- Searching for dependencies of gz-sensors8-magnetometer
[3.169s] -- Searching for <gz-sensors8> component [navsat]
[3.170s] -- Looking for gz-sensors8-navsat -- found version 8.2.2
[3.170s] -- Searching for dependencies of gz-sensors8-navsat
[3.170s] -- Searching for <gz-sensors8> component [dvl]
[3.171s] -- Looking for gz-sensors8-dvl -- found version 8.2.2
[3.171s] -- Searching for dependencies of gz-sensors8-dvl
[3.172s] -- Looking for gz-sensors8 -- found version 8.2.2
[3.172s] -- Searching for dependencies of gz-sensors8
[3.186s] -- Looking for gz-math7 -- found version 7.5.2
[3.186s] -- Looking for gz-common5 -- found version 5.8.0
[3.186s] -- Looking for gz-transport13 -- found version 13.5.0
[3.187s] -- Looking for gz-rendering8 -- found version 8.2.3
[3.187s] -- Looking for gz-msgs10 -- found version 10.3.2
[3.187s] -- Looking for sdformat14 -- found version 14.9.0
[3.187s] -- Searching for <gz-sensors8> component [rendering]
[3.189s] -- Looking for gz-sensors8-rendering -- found version 8.2.2
[3.189s] -- Searching for dependencies of gz-sensors8-rendering
[3.190s] -- Searching for <gz-sensors8> component [rendering]
[3.190s] -- Searching for <gz-sensors8> component [lidar]
[3.191s] -- Looking for gz-sensors8-lidar -- found version 8.2.2
[3.191s] -- Searching for dependencies of gz-sensors8-lidar
[3.192s] -- Looking for gz-sensors8 -- found version 8.2.2
[3.192s] -- Searching for <gz-sensors8> component [gpu_lidar]
[3.193s] -- Looking for gz-sensors8-gpu_lidar -- found version 8.2.2
[3.194s] -- Searching for dependencies of gz-sensors8-gpu_lidar
[3.194s] -- Looking for gz-sensors8 -- found version 8.2.2
[3.194s] -- Searching for <gz-sensors8> component [camera]
[3.196s] -- Looking for gz-sensors8-camera -- found version 8.2.2
[3.196s] -- Searching for dependencies of gz-sensors8-camera
[3.196s] -- Looking for gz-sensors8 -- found version 8.2.2
[3.197s] -- Searching for <gz-sensors8> component [boundingbox_camera]
[3.198s] -- Looking for gz-sensors8-boundingbox_camera -- found version 8.2.2
[3.198s] -- Searching for dependencies of gz-sensors8-boundingbox_camera
[3.199s] -- Searching for <gz-sensors8> component [segmentation_camera]
[3.200s] -- Looking for gz-sensors8-segmentation_camera -- found version 8.2.2
[3.200s] -- Searching for dependencies of gz-sensors8-segmentation_camera
[3.200s] -- Searching for <gz-sensors8> component [depth_camera]
[3.202s] -- Looking for gz-sensors8-depth_camera -- found version 8.2.2
[3.202s] -- Searching for dependencies of gz-sensors8-depth_camera
[3.202s] -- Looking for gz-sensors8 -- found version 8.2.2
[3.203s] -- Searching for <gz-sensors8> component [rgbd_camera]
[3.204s] -- Looking for gz-sensors8-rgbd_camera -- found version 8.2.2
[3.204s] -- Searching for dependencies of gz-sensors8-rgbd_camera
[3.204s] -- Looking for gz-sensors8 -- found version 8.2.2
[3.205s] -- Searching for <gz-sensors8> component [thermal_camera]
[3.206s] -- Looking for gz-sensors8-thermal_camera -- found version 8.2.2
[3.206s] -- Searching for dependencies of gz-sensors8-thermal_camera
[3.206s] -- Looking for gz-sensors8 -- found version 8.2.2
[3.207s] -- Searching for <gz-sensors8> component [wide_angle_camera]
[3.208s] -- Looking for gz-sensors8-wide_angle_camera -- found version 8.2.2
[3.208s] -- Searching for dependencies of gz-sensors8-wide_angle_camera
[3.209s] -- Looking for gz-rendering8 -- found version 8.2.3
[3.209s] -- Looking for gz-math7 -- found version 7.5.2
[3.210s] -- Looking for gz-utils2 -- found version 2.2.1
[3.227s] -- Looking for gz-plugin2 -- found version 2.0.4
[3.236s] -- Found ament_lint_auto: 0.17.5 (/opt/ros/jazzy/share/ament_lint_auto/cmake)
[3.335s] -- Found gtest sources under '/opt/ros/jazzy/src/gtest_vendor': C++ tests using 'Google Test' will be built
[3.339s] -- Found Threads: TRUE  
[3.356s] -- Added test 'cppcheck' to perform static code analysis on C / C++ code
[3.356s] -- Configured cppcheck include dirs: /home/sachin/ros2_drone/src/sjtu_drone_description/include
[3.356s] -- Configured cppcheck exclude dirs and/or files: 
[3.357s] -- Added test 'lint_cmake' to check CMake code style
[3.359s] -- Added test 'uncrustify' to check C / C++ code style
[3.359s] -- Configured uncrustify additional arguments: 
[3.359s] -- Added test 'xmllint' to check XML markup files
[3.361s] -- Configuring done (2.9s)
[3.407s] -- Generating done (0.0s)
[3.417s] -- Build files have been written to: /home/sachin/ros2_drone/build/sjtu_drone_description
[3.430s] Invoked command in '/home/sachin/ros2_drone/build/sjtu_drone_description' returned '0': CMAKE_PREFIX_PATH=${CMAKE_PREFIX_PATH}:/home/sachin/sjtu_drone/install/sjtu_drone_control:/home/sachin/sjtu_drone/install/sjtu_drone_bringup:/home/sachin/sjtu_drone/install/drone_delivery_system:/opt/ros/jazzy DEBUGINFOD_URLS=https://debuginfod.ubuntu.com PS1=(.ros2_venv) \[\e]0;\u@\h: \w\a\]${debian_chroot:+($debian_chroot)}\[\033[01;32m\]\u@\h\[\033[00m\]:\[\033[01;34m\]\w\[\033[00m\]\$ VIRTUAL_ENV_PROMPT=(.ros2_venv) /usr/bin/cmake /home/sachin/ros2_drone/src/sjtu_drone_description -DCMAKE_INSTALL_PREFIX=/home/sachin/ros2_drone/install/sjtu_drone_description
[3.431s] Invoking command in '/home/sachin/ros2_drone/build/sjtu_drone_description': CMAKE_PREFIX_PATH=${CMAKE_PREFIX_PATH}:/home/sachin/sjtu_drone/install/sjtu_drone_control:/home/sachin/sjtu_drone/install/sjtu_drone_bringup:/home/sachin/sjtu_drone/install/drone_delivery_system:/opt/ros/jazzy DEBUGINFOD_URLS=https://debuginfod.ubuntu.com PS1=(.ros2_venv) \[\e]0;\u@\h: \w\a\]${debian_chroot:+($debian_chroot)}\[\033[01;32m\]\u@\h\[\033[00m\]:\[\033[01;34m\]\w\[\033[00m\]\$ VIRTUAL_ENV_PROMPT=(.ros2_venv) /usr/bin/cmake --build /home/sachin/ros2_drone/build/sjtu_drone_description -- -j12 -l12
[3.473s] [ 11%] [32mBuilding CXX object CMakeFiles/plugin_drone.dir/src/pid_controller.cpp.o[0m
[3.473s] [ 11%] [32mBuilding CXX object CMakeFiles/plugin_drone.dir/src/plugin_drone_gz.cpp.o[0m
[3.473s] [ 11%] [32mBuilding CXX object CMakeFiles/plugin_drone.dir/src/plugin_drone_private.cpp.o[0m
[3.479s] [ 14%] [32mBuilding CXX object gtest/CMakeFiles/gtest_main.dir/src/gtest_main.cc.o[0m
[3.479s] [ 18%] [32mBuilding CXX object gtest/CMakeFiles/gtest.dir/src/gtest-all.cc.o[0m
[4.156s] [ 22%] [32m[1mLinking CXX static library libgtest_main.a[0m
[4.198s] [ 22%] Built target gtest_main
[6.165s] [ 25%] [32m[1mLinking CXX static library libgtest.a[0m
[6.222s] [ 25%] Built target gtest
[6.242s] [ 29%] [32mBuilding CXX object CMakeFiles/test_world_loads.dir/test/test_world_loads.cpp.o[0m
[6.246s] [ 33%] [32mBuilding CXX object CMakeFiles/test_integration.dir/test/test_integration.cpp.o[0m
[6.246s] [ 44%] [32mBuilding CXX object CMakeFiles/test_model_sdf.dir/test/test_model_sdf.cpp.o[0m
[6.246s] [ 44%] [32mBuilding CXX object CMakeFiles/test_pid_controller.dir/src/pid_controller.cpp.o[0m
[6.246s] [ 44%] [32mBuilding CXX object CMakeFiles/test_plugin_drone_dynamics.dir/test/test_plugin_drone_dynamics.cpp.o[0m
[6.247s] [ 48%] [32mBuilding CXX object CMakeFiles/test_pid_controller.dir/test/test_pid_controller.cpp.o[0m
[6.247s] [ 51%] [32mBuilding CXX object CMakeFiles/test_plugin_drone_configure.dir/test/test_plugin_drone_configure.cpp.o[0m
[6.248s] [ 55%] [32mBuilding CXX object CMakeFiles/test_plugin_drone_dynamics.dir/src/plugin_drone_private.cpp.o[0m
[6.252s] [ 59%] [32mBuilding CXX object CMakeFiles/test_plugin_drone_configure.dir/src/pid_controller.cpp.o[0m
[6.252s] [ 62%] [32mBuilding CXX object CMakeFiles/test_plugin_drone_dynamics.dir/src/pid_controller.cpp.o[0m
[8.038s] [ 66%] [32m[1mLinking CXX executable test_integration[0m
[8.326s] [ 66%] Built target test_integration
[8.363s] [ 70%] [32mBuilding CXX object CMakeFiles/test_plugin_drone_configure.dir/src/plugin_drone_private.cpp.o[0m
[8.571s] [ 74%] [32mBuilding CXX object CMakeFiles/test_plugin_drone_dynamics.dir/src/plugin_drone_gz.cpp.o[0m
[8.606s] [ 77%] [32mBuilding CXX object CMakeFiles/test_plugin_drone_configure.dir/src/plugin_drone_gz.cpp.o[0m
[9.198s] [ 81%] [32m[1mLinking CXX executable test_pid_controller[0m
[9.504s] [ 85%] [32m[1mLinking CXX executable test_world_loads[0m
[9.578s] [ 85%] Built target test_pid_controller
[9.825s] [ 85%] Built target test_world_loads
[9.913s] [ 88%] [32m[1mLinking CXX executable test_model_sdf[0m
[10.178s] [ 88%] Built target test_model_sdf
[37.718s] [ 92%] [32m[1mLinking CXX executable test_plugin_drone_dynamics[0m
[39.485s] [ 92%] Built target test_plugin_drone_dynamics
[41.023s] [ 96%] [32m[1mLinking CXX executable test_plugin_drone_configure[0m
[41.742s] [100%] [32m[1mLinking CXX shared library libplugin_drone.so[0m
[42.571s] [100%] Built target test_plugin_drone_configure
[42.954s] [100%] Built target plugin_drone
[43.077s] Invoked command in '/home/sachin/ros2_drone/build/sjtu_drone_description' returned '0': CMAKE_PREFIX_PATH=${CMAKE_PREFIX_PATH}:/home/sachin/sjtu_drone/install/sjtu_drone_control:/home/sachin/sjtu_drone/install/sjtu_drone_bringup:/home/sachin/sjtu_drone/install/drone_delivery_system:/opt/ros/jazzy DEBUGINFOD_URLS=https://debuginfod.ubuntu.com PS1=(.ros2_venv) \[\e]0;\u@\h: \w\a\]${debian_chroot:+($debian_chroot)}\[\033[01;32m\]\u@\h\[\033[00m\]:\[\033[01;34m\]\w\[\033[00m\]\$ VIRTUAL_ENV_PROMPT=(.ros2_venv) /usr/bin/cmake --build /home/sachin/ros2_drone/build/sjtu_drone_description -- -j12 -l12
[43.132s] Invoking command in '/home/sachin/ros2_drone/build/sjtu_drone_description': CMAKE_PREFIX_PATH=${CMAKE_PREFIX_PATH}:/home/sachin/sjtu_drone/install/sjtu_drone_control:/home/sachin/sjtu_drone/install/sjtu_drone_bringup:/home/sachin/sjtu_drone/install/drone_delivery_system:/opt/ros/jazzy DEBUGINFOD_URLS=https://debuginfod.ubuntu.com PS1=(.ros2_venv) \[\e]0;\u@\h: \w\a\]${debian_chroot:+($debian_chroot)}\[\033[01;32m\]\u@\h\[\033[00m\]:\[\033[01;34m\]\w\[\033[00m\]\$ VIRTUAL_ENV_PROMPT=(.ros2_venv) /usr/bin/cmake --install /home/sachin/ros2_drone/build/sjtu_drone_description
[43.146s] -- Install configuration: ""
[43.146s] -- Installing: /home/sachin/ros2_drone/install/sjtu_drone_description/lib/sjtu_drone_description/libplugin_drone.so
[43.158s] -- Set non-toolchain portion of runtime path of "/home/sachin/ros2_drone/install/sjtu_drone_description/lib/sjtu_drone_description/libplugin_drone.so" to ""
[43.158s] -- Installing: /home/sachin/ros2_drone/install/sjtu_drone_description/include
[43.158s] -- Installing: /home/sachin/ros2_drone/install/sjtu_drone_description/include/sjtu_drone_description
[43.158s] -- Installing: /home/sachin/ros2_drone/install/sjtu_drone_description/include/sjtu_drone_description/plugin_drone_private.h
[43.158s] -- Installing: /home/sachin/ros2_drone/install/sjtu_drone_description/include/sjtu_drone_description/pid_controller.h
[43.158s] -- Installing: /home/sachin/ros2_drone/install/sjtu_drone_description/include/sjtu_drone_description/plugin_drone.h
[43.158s] -- Installing: /home/sachin/ros2_drone/install/sjtu_drone_description/share/sjtu_drone_description/models
[43.158s] -- Installing: /home/sachin/ros2_drone/install/sjtu_drone_description/share/sjtu_drone_description/models/database.config
[43.158s] -- Installing: /home/sachin/ros2_drone/install/sjtu_drone_description/share/sjtu_drone_description/models/sjtu_drone
[43.159s] -- Installing: /home/sachin/ros2_drone/install/sjtu_drone_description/share/sjtu_drone_description/models/sjtu_drone/model.config
[43.159s] -- Installing: /home/sachin/ros2_drone/install/sjtu_drone_description/share/sjtu_drone_description/models/sjtu_drone/sjtu_drone.sdf
[43.159s] -- Installing: /home/sachin/ros2_drone/install/sjtu_drone_description/share/sjtu_drone_description/models/sjtu_drone/quadrotor_4.stl
[43.159s] -- Installing: /home/sachin/ros2_drone/install/sjtu_drone_description/share/sjtu_drone_description/models/sjtu_drone/quadrotor_4.dae
[43.159s] -- Installing: /home/sachin/ros2_drone/install/sjtu_drone_description/share/sjtu_drone_description/urdf
[43.159s] -- Installing: /home/sachin/ros2_drone/install/sjtu_drone_description/share/sjtu_drone_description/urdf/sjtu_drone.urdf
[43.159s] -- Installing: /home/sachin/ros2_drone/install/sjtu_drone_description/share/sjtu_drone_description/urdf/sjtu_drone.urdf.xacro
[43.160s] -- Installing: /home/sachin/ros2_drone/install/sjtu_drone_description/share/sjtu_drone_description/worlds
[43.160s] -- Installing: /home/sachin/ros2_drone/install/sjtu_drone_description/share/sjtu_drone_description/worlds/home.sdf
[43.160s] -- Installing: /home/sachin/ros2_drone/install/sjtu_drone_description/share/ament_index/resource_index/package_run_dependencies/sjtu_drone_description
[43.160s] -- Installing: /home/sachin/ros2_drone/install/sjtu_drone_description/share/ament_index/resource_index/parent_prefix_path/sjtu_drone_description
[43.161s] -- Installing: /home/sachin/ros2_drone/install/sjtu_drone_description/share/sjtu_drone_description/environment/ament_prefix_path.sh
[43.161s] -- Installing: /home/sachin/ros2_drone/install/sjtu_drone_description/share/sjtu_drone_description/environment/ament_prefix_path.dsv
[43.161s] -- Installing: /home/sachin/ros2_drone/install/sjtu_drone_description/share/sjtu_drone_description/environment/path.sh
[43.162s] -- Installing: /home/sachin/ros2_drone/install/sjtu_drone_description/share/sjtu_drone_description/environment/path.dsv
[43.162s] -- Installing: /home/sachin/ros2_drone/install/sjtu_drone_description/share/sjtu_drone_description/local_setup.bash
[43.162s] -- Installing: /home/sachin/ros2_drone/install/sjtu_drone_description/share/sjtu_drone_description/local_setup.sh
[43.162s] -- Installing: /home/sachin/ros2_drone/install/sjtu_drone_description/share/sjtu_drone_description/local_setup.zsh
[43.162s] -- Installing: /home/sachin/ros2_drone/install/sjtu_drone_description/share/sjtu_drone_description/local_setup.dsv
[43.162s] -- Installing: /home/sachin/ros2_drone/install/sjtu_drone_description/share/sjtu_drone_description/package.dsv
[43.162s] -- Installing: /home/sachin/ros2_drone/install/sjtu_drone_description/share/ament_index/resource_index/packages/sjtu_drone_description
[43.162s] -- Installing: /home/sachin/ros2_drone/install/sjtu_drone_description/share/sjtu_drone_description/cmake/sjtu_drone_descriptionConfig.cmake
[43.162s] -- Installing: /home/sachin/ros2_drone/install/sjtu_drone_description/share/sjtu_drone_description/cmake/sjtu_drone_descriptionConfig-version.cmake
[43.163s] -- Installing: /home/sachin/ros2_drone/install/sjtu_drone_description/share/sjtu_drone_description/package.xml
[43.171s] Invoked command in '/home/sachin/ros2_drone/build/sjtu_drone_description' returned '0': CMAKE_PREFIX_PATH=${CMAKE_PREFIX_PATH}:/home/sachin/sjtu_drone/install/sjtu_drone_control:/home/sachin/sjtu_drone/install/sjtu_drone_bringup:/home/sachin/sjtu_drone/install/drone_delivery_system:/opt/ros/jazzy DEBUGINFOD_URLS=https://debuginfod.ubuntu.com PS1=(.ros2_venv) \[\e]0;\u@\h: \w\a\]${debian_chroot:+($debian_chroot)}\[\033[01;32m\]\u@\h\[\033[00m\]:\[\033[01;34m\]\w\[\033[00m\]\$ VIRTUAL_ENV_PROMPT=(.ros2_venv) /usr/bin/cmake --install /home/sachin/ros2_drone/build/sjtu_drone_description
