[0.996s] Invoking command in '/home/sachin/ros2_drone/src/drone_delivery_system': DEBUGINFOD_URLS=https://debuginfod.ubuntu.com PS1=(.ros2_venv) \[\e]0;\u@\h: \w\a\]${debian_chroot:+($debian_chroot)}\[\033[01;32m\]\u@\h\[\033[00m\]:\[\033[01;34m\]\w\[\033[00m\]\$ PYTHONPATH=/home/sachin/ros2_drone/build/drone_delivery_system/prefix_override:/usr/lib/python3/dist-packages/colcon_core/task/python/colcon_distutils_commands:/home/sachin/ros2_drone/install/drone_delivery_system/lib/python3.12/site-packages:${PYTHONPATH} VIRTUAL_ENV_PROMPT=(.ros2_venv) /usr/bin/python3 -W ignore:setup.py install is deprecated -W ignore:easy_install command is deprecated setup.py egg_info --egg-base ../../build/drone_delivery_system build --build-base /home/sachin/ros2_drone/build/drone_delivery_system/build install --record /home/sachin/ros2_drone/build/drone_delivery_system/install.log --single-version-externally-managed install_data
[1.176s] running egg_info
[1.176s] creating ../../build/drone_delivery_system/drone_delivery_system.egg-info
[1.188s] writing ../../build/drone_delivery_system/drone_delivery_system.egg-info/PKG-INFO
[1.189s] writing dependency_links to ../../build/drone_delivery_system/drone_delivery_system.egg-info/dependency_links.txt
[1.189s] writing entry points to ../../build/drone_delivery_system/drone_delivery_system.egg-info/entry_points.txt
[1.189s] writing requirements to ../../build/drone_delivery_system/drone_delivery_system.egg-info/requires.txt
[1.189s] writing top-level names to ../../build/drone_delivery_system/drone_delivery_system.egg-info/top_level.txt
[1.189s] writing manifest file '../../build/drone_delivery_system/drone_delivery_system.egg-info/SOURCES.txt'
[1.215s] reading manifest file '../../build/drone_delivery_system/drone_delivery_system.egg-info/SOURCES.txt'
[1.215s] writing manifest file '../../build/drone_delivery_system/drone_delivery_system.egg-info/SOURCES.txt'
[1.215s] running build
[1.216s] running build_py
[1.216s] creating /home/sachin/ros2_drone/build/drone_delivery_system/build
[1.216s] creating /home/sachin/ros2_drone/build/drone_delivery_system/build/lib
[1.216s] creating /home/sachin/ros2_drone/build/drone_delivery_system/build/lib/drone_delivery_system
[1.216s] copying drone_delivery_system/__init__.py -> /home/sachin/ros2_drone/build/drone_delivery_system/build/lib/drone_delivery_system
[1.216s] copying drone_delivery_system/aeropin.py -> /home/sachin/ros2_drone/build/drone_delivery_system/build/lib/drone_delivery_system
[1.216s] copying drone_delivery_system/payload_manager.py -> /home/sachin/ros2_drone/build/drone_delivery_system/build/lib/drone_delivery_system
[1.216s] copying drone_delivery_system/enhanced_delivery_controller.py -> /home/sachin/ros2_drone/build/drone_delivery_system/build/lib/drone_delivery_system
[1.216s] copying drone_delivery_system/dual_camera_yolo_detector.py -> /home/sachin/ros2_drone/build/drone_delivery_system/build/lib/drone_delivery_system
[1.217s] copying drone_delivery_system/yolo_search_controller.py -> /home/sachin/ros2_drone/build/drone_delivery_system/build/lib/drone_delivery_system
[1.217s] copying drone_delivery_system/coordinate_mission_controller.py -> /home/sachin/ros2_drone/build/drone_delivery_system/build/lib/drone_delivery_system
[1.217s] copying drone_delivery_system/mission_planner.py -> /home/sachin/ros2_drone/build/drone_delivery_system/build/lib/drone_delivery_system
[1.218s] running install
[1.223s] running install_lib
[1.236s] creating /home/sachin/ros2_drone/install/drone_delivery_system/lib/python3.12/site-packages/drone_delivery_system
[1.236s] copying /home/sachin/ros2_drone/build/drone_delivery_system/build/lib/drone_delivery_system/__init__.py -> /home/sachin/ros2_drone/install/drone_delivery_system/lib/python3.12/site-packages/drone_delivery_system
[1.236s] copying /home/sachin/ros2_drone/build/drone_delivery_system/build/lib/drone_delivery_system/aeropin.py -> /home/sachin/ros2_drone/install/drone_delivery_system/lib/python3.12/site-packages/drone_delivery_system
[1.236s] copying /home/sachin/ros2_drone/build/drone_delivery_system/build/lib/drone_delivery_system/payload_manager.py -> /home/sachin/ros2_drone/install/drone_delivery_system/lib/python3.12/site-packages/drone_delivery_system
[1.236s] copying /home/sachin/ros2_drone/build/drone_delivery_system/build/lib/drone_delivery_system/enhanced_delivery_controller.py -> /home/sachin/ros2_drone/install/drone_delivery_system/lib/python3.12/site-packages/drone_delivery_system
[1.236s] copying /home/sachin/ros2_drone/build/drone_delivery_system/build/lib/drone_delivery_system/dual_camera_yolo_detector.py -> /home/sachin/ros2_drone/install/drone_delivery_system/lib/python3.12/site-packages/drone_delivery_system
[1.236s] copying /home/sachin/ros2_drone/build/drone_delivery_system/build/lib/drone_delivery_system/yolo_search_controller.py -> /home/sachin/ros2_drone/install/drone_delivery_system/lib/python3.12/site-packages/drone_delivery_system
[1.236s] copying /home/sachin/ros2_drone/build/drone_delivery_system/build/lib/drone_delivery_system/coordinate_mission_controller.py -> /home/sachin/ros2_drone/install/drone_delivery_system/lib/python3.12/site-packages/drone_delivery_system
[1.237s] copying /home/sachin/ros2_drone/build/drone_delivery_system/build/lib/drone_delivery_system/mission_planner.py -> /home/sachin/ros2_drone/install/drone_delivery_system/lib/python3.12/site-packages/drone_delivery_system
[1.237s] byte-compiling /home/sachin/ros2_drone/install/drone_delivery_system/lib/python3.12/site-packages/drone_delivery_system/__init__.py to __init__.cpython-312.pyc
[1.237s] byte-compiling /home/sachin/ros2_drone/install/drone_delivery_system/lib/python3.12/site-packages/drone_delivery_system/aeropin.py to aeropin.cpython-312.pyc
[1.238s] byte-compiling /home/sachin/ros2_drone/install/drone_delivery_system/lib/python3.12/site-packages/drone_delivery_system/payload_manager.py to payload_manager.cpython-312.pyc
[1.239s] byte-compiling /home/sachin/ros2_drone/install/drone_delivery_system/lib/python3.12/site-packages/drone_delivery_system/enhanced_delivery_controller.py to enhanced_delivery_controller.cpython-312.pyc
[1.240s] byte-compiling /home/sachin/ros2_drone/install/drone_delivery_system/lib/python3.12/site-packages/drone_delivery_system/dual_camera_yolo_detector.py to dual_camera_yolo_detector.cpython-312.pyc
[1.241s] byte-compiling /home/sachin/ros2_drone/install/drone_delivery_system/lib/python3.12/site-packages/drone_delivery_system/yolo_search_controller.py to yolo_search_controller.cpython-312.pyc
[1.244s] byte-compiling /home/sachin/ros2_drone/install/drone_delivery_system/lib/python3.12/site-packages/drone_delivery_system/coordinate_mission_controller.py to coordinate_mission_controller.cpython-312.pyc
[1.246s] byte-compiling /home/sachin/ros2_drone/install/drone_delivery_system/lib/python3.12/site-packages/drone_delivery_system/mission_planner.py to mission_planner.cpython-312.pyc
[1.246s] running install_data
[1.246s] creating /home/sachin/ros2_drone/install/drone_delivery_system/share/ament_index
[1.246s] creating /home/sachin/ros2_drone/install/drone_delivery_system/share/ament_index/resource_index
[1.247s] creating /home/sachin/ros2_drone/install/drone_delivery_system/share/ament_index/resource_index/packages
[1.247s] copying resource/drone_delivery_system -> /home/sachin/ros2_drone/install/drone_delivery_system/share/ament_index/resource_index/packages
[1.247s] copying package.xml -> /home/sachin/ros2_drone/install/drone_delivery_system/share/drone_delivery_system
[1.247s] creating /home/sachin/ros2_drone/install/drone_delivery_system/share/drone_delivery_system/launch
[1.247s] copying launch/delivery_system.launch.py -> /home/sachin/ros2_drone/install/drone_delivery_system/share/drone_delivery_system/launch
[1.247s] creating /home/sachin/ros2_drone/install/drone_delivery_system/share/drone_delivery_system/config
[1.247s] copying config/delivery_params.yaml -> /home/sachin/ros2_drone/install/drone_delivery_system/share/drone_delivery_system/config
[1.247s] creating /home/sachin/ros2_drone/install/drone_delivery_system/share/drone_delivery_system/models
[1.247s] copying models/delivery_box.sdf -> /home/sachin/ros2_drone/install/drone_delivery_system/share/drone_delivery_system/models
[1.247s] running install_egg_info
[1.261s] Copying ../../build/drone_delivery_system/drone_delivery_system.egg-info to /home/sachin/ros2_drone/install/drone_delivery_system/lib/python3.12/site-packages/drone_delivery_system-1.0.0-py3.12.egg-info
[1.262s] running install_scripts
[1.348s] Installing coordinate_mission_controller script to /home/sachin/ros2_drone/install/drone_delivery_system/lib/drone_delivery_system
[1.348s] Installing dual_camera_yolo_detector script to /home/sachin/ros2_drone/install/drone_delivery_system/lib/drone_delivery_system
[1.348s] Installing enhanced_delivery_controller script to /home/sachin/ros2_drone/install/drone_delivery_system/lib/drone_delivery_system
[1.348s] Installing mission_planner script to /home/sachin/ros2_drone/install/drone_delivery_system/lib/drone_delivery_system
[1.349s] Installing payload_manager script to /home/sachin/ros2_drone/install/drone_delivery_system/lib/drone_delivery_system
[1.349s] Installing yolo_search_controller script to /home/sachin/ros2_drone/install/drone_delivery_system/lib/drone_delivery_system
[1.349s] writing list of installed files to '/home/sachin/ros2_drone/build/drone_delivery_system/install.log'
[1.384s] Invoked command in '/home/sachin/ros2_drone/src/drone_delivery_system' returned '0': DEBUGINFOD_URLS=https://debuginfod.ubuntu.com PS1=(.ros2_venv) \[\e]0;\u@\h: \w\a\]${debian_chroot:+($debian_chroot)}\[\033[01;32m\]\u@\h\[\033[00m\]:\[\033[01;34m\]\w\[\033[00m\]\$ PYTHONPATH=/home/sachin/ros2_drone/build/drone_delivery_system/prefix_override:/usr/lib/python3/dist-packages/colcon_core/task/python/colcon_distutils_commands:/home/sachin/ros2_drone/install/drone_delivery_system/lib/python3.12/site-packages:${PYTHONPATH} VIRTUAL_ENV_PROMPT=(.ros2_venv) /usr/bin/python3 -W ignore:setup.py install is deprecated -W ignore:easy_install command is deprecated setup.py egg_info --egg-base ../../build/drone_delivery_system build --build-base /home/sachin/ros2_drone/build/drone_delivery_system/build install --record /home/sachin/ros2_drone/build/drone_delivery_system/install.log --single-version-externally-managed install_data
