[0.434s] Invoking command in '/home/sachin/ros2_drone/build/sjtu_drone_description': CMAKE_PREFIX_PATH=${CMAKE_PREFIX_PATH}:/home/sachin/ros2_drone/install/sjtu_drone_control:/home/sachin/ros2_drone/install/sjtu_drone_bringup:/home/sachin/ros2_drone/install/drone_delivery_system:/opt/ros/jazzy DEBUGINFOD_URLS=https://debuginfod.ubuntu.com PS1=(.ros2_venv) \[\e]0;\u@\h: \w\a\]${debian_chroot:+($debian_chroot)}\[\033[01;32m\]\u@\h\[\033[00m\]:\[\033[01;34m\]\w\[\033[00m\]\$ VIRTUAL_ENV_PROMPT=(.ros2_venv) /usr/bin/cmake --build /home/sachin/ros2_drone/build/sjtu_drone_description -- -j12 -l12
[0.491s] [  7%] Built target gtest
[0.493s] [ 14%] Built target gtest_main
[0.508s] [ 29%] Built target plugin_drone
[0.518s] [ 51%] Built target test_model_sdf
[0.518s] [ 51%] Built target test_world_loads
[0.519s] [ 55%] Built target test_pid_controller
[0.522s] [ 62%] Built target test_integration
[0.529s] [ 81%] Built target test_plugin_drone_dynamics
[0.533s] [100%] Built target test_plugin_drone_configure
[0.543s] Invoked command in '/home/sachin/ros2_drone/build/sjtu_drone_description' returned '0': CMAKE_PREFIX_PATH=${CMAKE_PREFIX_PATH}:/home/sachin/ros2_drone/install/sjtu_drone_control:/home/sachin/ros2_drone/install/sjtu_drone_bringup:/home/sachin/ros2_drone/install/drone_delivery_system:/opt/ros/jazzy DEBUGINFOD_URLS=https://debuginfod.ubuntu.com PS1=(.ros2_venv) \[\e]0;\u@\h: \w\a\]${debian_chroot:+($debian_chroot)}\[\033[01;32m\]\u@\h\[\033[00m\]:\[\033[01;34m\]\w\[\033[00m\]\$ VIRTUAL_ENV_PROMPT=(.ros2_venv) /usr/bin/cmake --build /home/sachin/ros2_drone/build/sjtu_drone_description -- -j12 -l12
[0.552s] Invoking command in '/home/sachin/ros2_drone/build/sjtu_drone_description': CMAKE_PREFIX_PATH=${CMAKE_PREFIX_PATH}:/home/sachin/ros2_drone/install/sjtu_drone_control:/home/sachin/ros2_drone/install/sjtu_drone_bringup:/home/sachin/ros2_drone/install/drone_delivery_system:/opt/ros/jazzy DEBUGINFOD_URLS=https://debuginfod.ubuntu.com PS1=(.ros2_venv) \[\e]0;\u@\h: \w\a\]${debian_chroot:+($debian_chroot)}\[\033[01;32m\]\u@\h\[\033[00m\]:\[\033[01;34m\]\w\[\033[00m\]\$ VIRTUAL_ENV_PROMPT=(.ros2_venv) /usr/bin/cmake --install /home/sachin/ros2_drone/build/sjtu_drone_description
[0.560s] -- Install configuration: ""
[0.560s] -- Up-to-date: /home/sachin/ros2_drone/install/sjtu_drone_description/lib/sjtu_drone_description/libplugin_drone.so
[0.560s] -- Up-to-date: /home/sachin/ros2_drone/install/sjtu_drone_description/include
[0.560s] -- Up-to-date: /home/sachin/ros2_drone/install/sjtu_drone_description/include/sjtu_drone_description
[0.561s] -- Up-to-date: /home/sachin/ros2_drone/install/sjtu_drone_description/include/sjtu_drone_description/plugin_drone_private.h
[0.561s] -- Up-to-date: /home/sachin/ros2_drone/install/sjtu_drone_description/include/sjtu_drone_description/pid_controller.h
[0.561s] -- Up-to-date: /home/sachin/ros2_drone/install/sjtu_drone_description/include/sjtu_drone_description/plugin_drone.h
[0.561s] -- Up-to-date: /home/sachin/ros2_drone/install/sjtu_drone_description/share/sjtu_drone_description/models
[0.561s] -- Up-to-date: /home/sachin/ros2_drone/install/sjtu_drone_description/share/sjtu_drone_description/models/database.config
[0.561s] -- Up-to-date: /home/sachin/ros2_drone/install/sjtu_drone_description/share/sjtu_drone_description/models/sjtu_drone
[0.561s] -- Up-to-date: /home/sachin/ros2_drone/install/sjtu_drone_description/share/sjtu_drone_description/models/sjtu_drone/model.config
[0.561s] -- Up-to-date: /home/sachin/ros2_drone/install/sjtu_drone_description/share/sjtu_drone_description/models/sjtu_drone/sjtu_drone.sdf
[0.561s] -- Up-to-date: /home/sachin/ros2_drone/install/sjtu_drone_description/share/sjtu_drone_description/models/sjtu_drone/quadrotor_4.stl
[0.561s] -- Up-to-date: /home/sachin/ros2_drone/install/sjtu_drone_description/share/sjtu_drone_description/models/sjtu_drone/quadrotor_4.dae
[0.562s] -- Up-to-date: /home/sachin/ros2_drone/install/sjtu_drone_description/share/sjtu_drone_description/urdf
[0.562s] -- Up-to-date: /home/sachin/ros2_drone/install/sjtu_drone_description/share/sjtu_drone_description/urdf/sjtu_drone.urdf
[0.562s] -- Up-to-date: /home/sachin/ros2_drone/install/sjtu_drone_description/share/sjtu_drone_description/urdf/sjtu_drone.urdf.xacro
[0.562s] -- Up-to-date: /home/sachin/ros2_drone/install/sjtu_drone_description/share/sjtu_drone_description/worlds
[0.562s] -- Up-to-date: /home/sachin/ros2_drone/install/sjtu_drone_description/share/sjtu_drone_description/worlds/home.sdf
[0.562s] -- Up-to-date: /home/sachin/ros2_drone/install/sjtu_drone_description/share/ament_index/resource_index/package_run_dependencies/sjtu_drone_description
[0.562s] -- Up-to-date: /home/sachin/ros2_drone/install/sjtu_drone_description/share/ament_index/resource_index/parent_prefix_path/sjtu_drone_description
[0.562s] -- Up-to-date: /home/sachin/ros2_drone/install/sjtu_drone_description/share/sjtu_drone_description/environment/ament_prefix_path.sh
[0.562s] -- Up-to-date: /home/sachin/ros2_drone/install/sjtu_drone_description/share/sjtu_drone_description/environment/ament_prefix_path.dsv
[0.562s] -- Up-to-date: /home/sachin/ros2_drone/install/sjtu_drone_description/share/sjtu_drone_description/environment/path.sh
[0.562s] -- Up-to-date: /home/sachin/ros2_drone/install/sjtu_drone_description/share/sjtu_drone_description/environment/path.dsv
[0.563s] -- Up-to-date: /home/sachin/ros2_drone/install/sjtu_drone_description/share/sjtu_drone_description/local_setup.bash
[0.563s] -- Up-to-date: /home/sachin/ros2_drone/install/sjtu_drone_description/share/sjtu_drone_description/local_setup.sh
[0.563s] -- Up-to-date: /home/sachin/ros2_drone/install/sjtu_drone_description/share/sjtu_drone_description/local_setup.zsh
[0.563s] -- Up-to-date: /home/sachin/ros2_drone/install/sjtu_drone_description/share/sjtu_drone_description/local_setup.dsv
[0.564s] -- Installing: /home/sachin/ros2_drone/install/sjtu_drone_description/share/sjtu_drone_description/package.dsv
[0.564s] -- Up-to-date: /home/sachin/ros2_drone/install/sjtu_drone_description/share/ament_index/resource_index/packages/sjtu_drone_description
[0.564s] -- Up-to-date: /home/sachin/ros2_drone/install/sjtu_drone_description/share/sjtu_drone_description/cmake/sjtu_drone_descriptionConfig.cmake
[0.564s] -- Up-to-date: /home/sachin/ros2_drone/install/sjtu_drone_description/share/sjtu_drone_description/cmake/sjtu_drone_descriptionConfig-version.cmake
[0.564s] -- Up-to-date: /home/sachin/ros2_drone/install/sjtu_drone_description/share/sjtu_drone_description/package.xml
[0.564s] Invoked command in '/home/sachin/ros2_drone/build/sjtu_drone_description' returned '0': CMAKE_PREFIX_PATH=${CMAKE_PREFIX_PATH}:/home/sachin/ros2_drone/install/sjtu_drone_control:/home/sachin/ros2_drone/install/sjtu_drone_bringup:/home/sachin/ros2_drone/install/drone_delivery_system:/opt/ros/jazzy DEBUGINFOD_URLS=https://debuginfod.ubuntu.com PS1=(.ros2_venv) \[\e]0;\u@\h: \w\a\]${debian_chroot:+($debian_chroot)}\[\033[01;32m\]\u@\h\[\033[00m\]:\[\033[01;34m\]\w\[\033[00m\]\$ VIRTUAL_ENV_PROMPT=(.ros2_venv) /usr/bin/cmake --install /home/sachin/ros2_drone/build/sjtu_drone_description
