/home/sachin/ros2_drone/install/drone_delivery_system/lib/python3.12/site-packages/drone_delivery_system/__init__.py
/home/sachin/ros2_drone/install/drone_delivery_system/lib/python3.12/site-packages/drone_delivery_system/payload_manager.py
/home/sachin/ros2_drone/install/drone_delivery_system/lib/python3.12/site-packages/drone_delivery_system/enhanced_delivery_controller.py
/home/sachin/ros2_drone/install/drone_delivery_system/lib/python3.12/site-packages/drone_delivery_system/dual_camera_yolo_detector.py
/home/sachin/ros2_drone/install/drone_delivery_system/lib/python3.12/site-packages/drone_delivery_system/mission_planner.py
/home/sachin/ros2_drone/install/drone_delivery_system/lib/python3.12/site-packages/drone_delivery_system/obstacle_avoider.py
/home/sachin/ros2_drone/install/drone_delivery_system/lib/python3.12/site-packages/drone_delivery_system/__pycache__/__init__.cpython-312.pyc
/home/sachin/ros2_drone/install/drone_delivery_system/lib/python3.12/site-packages/drone_delivery_system/__pycache__/payload_manager.cpython-312.pyc
/home/sachin/ros2_drone/install/drone_delivery_system/lib/python3.12/site-packages/drone_delivery_system/__pycache__/enhanced_delivery_controller.cpython-312.pyc
/home/sachin/ros2_drone/install/drone_delivery_system/lib/python3.12/site-packages/drone_delivery_system/__pycache__/dual_camera_yolo_detector.cpython-312.pyc
/home/sachin/ros2_drone/install/drone_delivery_system/lib/python3.12/site-packages/drone_delivery_system/__pycache__/mission_planner.cpython-312.pyc
/home/sachin/ros2_drone/install/drone_delivery_system/lib/python3.12/site-packages/drone_delivery_system/__pycache__/obstacle_avoider.cpython-312.pyc
/home/sachin/ros2_drone/install/drone_delivery_system/share/ament_index/resource_index/packages/drone_delivery_system
/home/sachin/ros2_drone/install/drone_delivery_system/share/drone_delivery_system/package.xml
/home/sachin/ros2_drone/install/drone_delivery_system/share/drone_delivery_system/launch/delivery_system.launch.py
/home/sachin/ros2_drone/install/drone_delivery_system/share/drone_delivery_system/config/delivery_params.yaml
/home/sachin/ros2_drone/install/drone_delivery_system/share/drone_delivery_system/models/delivery_box.sdf
/home/sachin/ros2_drone/install/drone_delivery_system/lib/python3.12/site-packages/drone_delivery_system-1.0.0-py3.12.egg-info/PKG-INFO
/home/sachin/ros2_drone/install/drone_delivery_system/lib/python3.12/site-packages/drone_delivery_system-1.0.0-py3.12.egg-info/requires.txt
/home/sachin/ros2_drone/install/drone_delivery_system/lib/python3.12/site-packages/drone_delivery_system-1.0.0-py3.12.egg-info/zip-safe
/home/sachin/ros2_drone/install/drone_delivery_system/lib/python3.12/site-packages/drone_delivery_system-1.0.0-py3.12.egg-info/dependency_links.txt
/home/sachin/ros2_drone/install/drone_delivery_system/lib/python3.12/site-packages/drone_delivery_system-1.0.0-py3.12.egg-info/SOURCES.txt
/home/sachin/ros2_drone/install/drone_delivery_system/lib/python3.12/site-packages/drone_delivery_system-1.0.0-py3.12.egg-info/top_level.txt
/home/sachin/ros2_drone/install/drone_delivery_system/lib/python3.12/site-packages/drone_delivery_system-1.0.0-py3.12.egg-info/entry_points.txt
/home/sachin/ros2_drone/install/drone_delivery_system/lib/drone_delivery_system/dual_camera_yolo_detector
/home/sachin/ros2_drone/install/drone_delivery_system/lib/drone_delivery_system/enhanced_delivery_controller
/home/sachin/ros2_drone/install/drone_delivery_system/lib/drone_delivery_system/mission_planner
/home/sachin/ros2_drone/install/drone_delivery_system/lib/drone_delivery_system/payload_manager
