[1.004s] Invoking command in '/home/sachin/ros2_drone/src/sjtu_drone_control': DEBUGINFOD_URLS=https://debuginfod.ubuntu.com PS1=(.ros2_venv) \[\e]0;\u@\h: \w\a\]${debian_chroot:+($debian_chroot)}\[\033[01;32m\]\u@\h\[\033[00m\]:\[\033[01;34m\]\w\[\033[00m\]\$ PYTHONPATH=/home/sachin/ros2_drone/build/sjtu_drone_control/prefix_override:/usr/lib/python3/dist-packages/colcon_core/task/python/colcon_distutils_commands:/home/sachin/ros2_drone/install/sjtu_drone_control/lib/python3.12/site-packages:${PYTHONPATH} VIRTUAL_ENV_PROMPT=(.ros2_venv) /usr/bin/python3 -W ignore:setup.py install is deprecated -W ignore:easy_install command is deprecated setup.py egg_info --egg-base ../../build/sjtu_drone_control build --build-base /home/sachin/ros2_drone/build/sjtu_drone_control/build install --record /home/sachin/ros2_drone/build/sjtu_drone_control/install.log --single-version-externally-managed install_data
[1.186s] running egg_info
[1.186s] creating ../../build/sjtu_drone_control/sjtu_drone_control.egg-info
[1.199s] writing ../../build/sjtu_drone_control/sjtu_drone_control.egg-info/PKG-INFO
[1.199s] writing dependency_links to ../../build/sjtu_drone_control/sjtu_drone_control.egg-info/dependency_links.txt
[1.199s] writing entry points to ../../build/sjtu_drone_control/sjtu_drone_control.egg-info/entry_points.txt
[1.199s] writing requirements to ../../build/sjtu_drone_control/sjtu_drone_control.egg-info/requires.txt
[1.199s] writing top-level names to ../../build/sjtu_drone_control/sjtu_drone_control.egg-info/top_level.txt
[1.200s] writing manifest file '../../build/sjtu_drone_control/sjtu_drone_control.egg-info/SOURCES.txt'
[1.226s] reading manifest file '../../build/sjtu_drone_control/sjtu_drone_control.egg-info/SOURCES.txt'
[1.226s] writing manifest file '../../build/sjtu_drone_control/sjtu_drone_control.egg-info/SOURCES.txt'
[1.227s] running build
[1.227s] running build_py
[1.227s] creating /home/sachin/ros2_drone/build/sjtu_drone_control/build
[1.227s] creating /home/sachin/ros2_drone/build/sjtu_drone_control/build/lib
[1.227s] creating /home/sachin/ros2_drone/build/sjtu_drone_control/build/lib/sjtu_drone_control
[1.227s] copying sjtu_drone_control/__init__.py -> /home/sachin/ros2_drone/build/sjtu_drone_control/build/lib/sjtu_drone_control
[1.227s] copying sjtu_drone_control/teleop.py -> /home/sachin/ros2_drone/build/sjtu_drone_control/build/lib/sjtu_drone_control
[1.228s] copying sjtu_drone_control/teleop_joystick.py -> /home/sachin/ros2_drone/build/sjtu_drone_control/build/lib/sjtu_drone_control
[1.228s] copying sjtu_drone_control/drone_position_control.py -> /home/sachin/ros2_drone/build/sjtu_drone_control/build/lib/sjtu_drone_control
[1.228s] copying sjtu_drone_control/open_loop_control.py -> /home/sachin/ros2_drone/build/sjtu_drone_control/build/lib/sjtu_drone_control
[1.228s] running install
[1.231s] running install_lib
[1.245s] creating /home/sachin/ros2_drone/install/sjtu_drone_control/lib/python3.12/site-packages/sjtu_drone_control
[1.245s] copying /home/sachin/ros2_drone/build/sjtu_drone_control/build/lib/sjtu_drone_control/__init__.py -> /home/sachin/ros2_drone/install/sjtu_drone_control/lib/python3.12/site-packages/sjtu_drone_control
[1.245s] copying /home/sachin/ros2_drone/build/sjtu_drone_control/build/lib/sjtu_drone_control/teleop.py -> /home/sachin/ros2_drone/install/sjtu_drone_control/lib/python3.12/site-packages/sjtu_drone_control
[1.245s] copying /home/sachin/ros2_drone/build/sjtu_drone_control/build/lib/sjtu_drone_control/teleop_joystick.py -> /home/sachin/ros2_drone/install/sjtu_drone_control/lib/python3.12/site-packages/sjtu_drone_control
[1.245s] copying /home/sachin/ros2_drone/build/sjtu_drone_control/build/lib/sjtu_drone_control/drone_position_control.py -> /home/sachin/ros2_drone/install/sjtu_drone_control/lib/python3.12/site-packages/sjtu_drone_control
[1.245s] copying /home/sachin/ros2_drone/build/sjtu_drone_control/build/lib/sjtu_drone_control/open_loop_control.py -> /home/sachin/ros2_drone/install/sjtu_drone_control/lib/python3.12/site-packages/sjtu_drone_control
[1.245s] byte-compiling /home/sachin/ros2_drone/install/sjtu_drone_control/lib/python3.12/site-packages/sjtu_drone_control/__init__.py to __init__.cpython-312.pyc
[1.246s] byte-compiling /home/sachin/ros2_drone/install/sjtu_drone_control/lib/python3.12/site-packages/sjtu_drone_control/teleop.py to teleop.cpython-312.pyc
[1.247s] byte-compiling /home/sachin/ros2_drone/install/sjtu_drone_control/lib/python3.12/site-packages/sjtu_drone_control/teleop_joystick.py to teleop_joystick.cpython-312.pyc
[1.247s] byte-compiling /home/sachin/ros2_drone/install/sjtu_drone_control/lib/python3.12/site-packages/sjtu_drone_control/drone_position_control.py to drone_position_control.cpython-312.pyc
[1.247s] byte-compiling /home/sachin/ros2_drone/install/sjtu_drone_control/lib/python3.12/site-packages/sjtu_drone_control/open_loop_control.py to open_loop_control.cpython-312.pyc
[1.248s] running install_data
[1.248s] creating /home/sachin/ros2_drone/install/sjtu_drone_control/share/ament_index
[1.248s] creating /home/sachin/ros2_drone/install/sjtu_drone_control/share/ament_index/resource_index
[1.248s] creating /home/sachin/ros2_drone/install/sjtu_drone_control/share/ament_index/resource_index/packages
[1.248s] copying resource/sjtu_drone_control -> /home/sachin/ros2_drone/install/sjtu_drone_control/share/ament_index/resource_index/packages
[1.248s] copying package.xml -> /home/sachin/ros2_drone/install/sjtu_drone_control/share/sjtu_drone_control
[1.248s] running install_egg_info
[1.262s] Copying ../../build/sjtu_drone_control/sjtu_drone_control.egg-info to /home/sachin/ros2_drone/install/sjtu_drone_control/lib/python3.12/site-packages/sjtu_drone_control-0.0.0-py3.12.egg-info
[1.263s] running install_scripts
[1.350s] Installing drone_position_control script to /home/sachin/ros2_drone/install/sjtu_drone_control/lib/sjtu_drone_control
[1.350s] Installing open_loop_control script to /home/sachin/ros2_drone/install/sjtu_drone_control/lib/sjtu_drone_control
[1.350s] Installing teleop script to /home/sachin/ros2_drone/install/sjtu_drone_control/lib/sjtu_drone_control
[1.350s] Installing teleop_joystick script to /home/sachin/ros2_drone/install/sjtu_drone_control/lib/sjtu_drone_control
[1.350s] writing list of installed files to '/home/sachin/ros2_drone/build/sjtu_drone_control/install.log'
[1.392s] Invoked command in '/home/sachin/ros2_drone/src/sjtu_drone_control' returned '0': DEBUGINFOD_URLS=https://debuginfod.ubuntu.com PS1=(.ros2_venv) \[\e]0;\u@\h: \w\a\]${debian_chroot:+($debian_chroot)}\[\033[01;32m\]\u@\h\[\033[00m\]:\[\033[01;34m\]\w\[\033[00m\]\$ PYTHONPATH=/home/sachin/ros2_drone/build/sjtu_drone_control/prefix_override:/usr/lib/python3/dist-packages/colcon_core/task/python/colcon_distutils_commands:/home/sachin/ros2_drone/install/sjtu_drone_control/lib/python3.12/site-packages:${PYTHONPATH} VIRTUAL_ENV_PROMPT=(.ros2_venv) /usr/bin/python3 -W ignore:setup.py install is deprecated -W ignore:easy_install command is deprecated setup.py egg_info --egg-base ../../build/sjtu_drone_control build --build-base /home/sachin/ros2_drone/build/sjtu_drone_control/build install --record /home/sachin/ros2_drone/build/sjtu_drone_control/install.log --single-version-externally-managed install_data
