[0.176s] DEBUG:colcon:Command line arguments: ['/usr/bin/colcon', 'build']
[0.176s] DEBUG:colcon:Parsed command line arguments: Namespace(log_base=None, log_level=None, verb_name='build', build_base='build', install_base='install', merge_install=False, symlink_install=False, test_result_base=None, continue_on_error=False, executor='parallel', parallel_workers=12, event_handlers=None, ignore_user_meta=False, metas=['./colcon.meta'], base_paths=['.'], packages_ignore=None, packages_ignore_regex=None, paths=None, packages_up_to=None, packages_up_to_regex=None, packages_above=None, packages_above_and_dependencies=None, packages_above_depth=None, packages_select_by_dep=None, packages_skip_by_dep=None, packages_skip_up_to=None, packages_select_build_failed=False, packages_skip_build_finished=False, packages_select_test_failures=False, packages_skip_test_passed=False, packages_select=None, packages_skip=None, packages_select_regex=None, packages_skip_regex=None, packages_start=None, packages_end=None, allow_overriding=[], cmake_args=None, cmake_target=None, cmake_target_skip_unavailable=False, cmake_clean_cache=False, cmake_clean_first=False, cmake_force_configure=False, ament_cmake_args=None, catkin_cmake_args=None, catkin_skip_building_tests=False, mixin_files=None, mixin=None, verb_parser=<colcon_mixin.mixin.mixin_argument.MixinArgumentDecorator object at 0x7ec9660a23f0>, verb_extension=<colcon_core.verb.build.BuildVerb object at 0x7ec9660a20f0>, main=<bound method BuildVerb.main of <colcon_core.verb.build.BuildVerb object at 0x7ec9660a20f0>>, mixin_verb=('build',))
[0.225s] Level 1:colcon.colcon_core.package_discovery:discover_packages(colcon_meta) check parameters
[0.225s] Level 1:colcon.colcon_core.package_discovery:discover_packages(recursive) check parameters
[0.225s] Level 1:colcon.colcon_core.package_discovery:discover_packages(ignore) check parameters
[0.225s] Level 1:colcon.colcon_core.package_discovery:discover_packages(path) check parameters
[0.225s] Level 1:colcon.colcon_core.package_discovery:discover_packages(colcon_meta) discover
[0.225s] Level 1:colcon.colcon_core.package_discovery:discover_packages(recursive) discover
[0.225s] INFO:colcon.colcon_core.package_discovery:Crawling recursively for packages in '/home/sachin/ros2_drone'
[0.225s] Level 1:colcon.colcon_core.package_identification:_identify(.) by extensions ['ignore', 'ignore_ament_install']
[0.226s] Level 1:colcon.colcon_core.package_identification:_identify(.) by extension 'ignore'
[0.226s] Level 1:colcon.colcon_core.package_identification:_identify(.) by extension 'ignore_ament_install'
[0.226s] Level 1:colcon.colcon_core.package_identification:_identify(.) by extensions ['colcon_pkg']
[0.226s] Level 1:colcon.colcon_core.package_identification:_identify(.) by extension 'colcon_pkg'
[0.226s] Level 1:colcon.colcon_core.package_identification:_identify(.) by extensions ['colcon_meta']
[0.226s] Level 1:colcon.colcon_core.package_identification:_identify(.) by extension 'colcon_meta'
[0.226s] Level 1:colcon.colcon_core.package_identification:_identify(.) by extensions ['ros']
[0.226s] Level 1:colcon.colcon_core.package_identification:_identify(.) by extension 'ros'
[0.267s] Level 1:colcon.colcon_core.package_identification:_identify(.) by extensions ['cmake', 'python']
[0.267s] Level 1:colcon.colcon_core.package_identification:_identify(.) by extension 'cmake'
[0.267s] Level 1:colcon.colcon_core.package_identification:_identify(.) by extension 'python'
[0.267s] Level 1:colcon.colcon_core.package_identification:_identify(.) by extensions ['python_setup_py']
[0.267s] Level 1:colcon.colcon_core.package_identification:_identify(.) by extension 'python_setup_py'
[0.267s] Level 1:colcon.colcon_core.package_identification:_identify(build) by extensions ['ignore', 'ignore_ament_install']
[0.267s] Level 1:colcon.colcon_core.package_identification:_identify(build) by extension 'ignore'
[0.267s] Level 1:colcon.colcon_core.package_identification:_identify(build) ignored
[0.268s] Level 1:colcon.colcon_core.package_identification:_identify(install) by extensions ['ignore', 'ignore_ament_install']
[0.268s] Level 1:colcon.colcon_core.package_identification:_identify(install) by extension 'ignore'
[0.268s] Level 1:colcon.colcon_core.package_identification:_identify(install) ignored
[0.268s] Level 1:colcon.colcon_core.package_identification:_identify(log) by extensions ['ignore', 'ignore_ament_install']
[0.268s] Level 1:colcon.colcon_core.package_identification:_identify(log) by extension 'ignore'
[0.268s] Level 1:colcon.colcon_core.package_identification:_identify(log) ignored
[0.268s] Level 1:colcon.colcon_core.package_identification:_identify(src) by extensions ['ignore', 'ignore_ament_install']
[0.269s] Level 1:colcon.colcon_core.package_identification:_identify(src) by extension 'ignore'
[0.269s] Level 1:colcon.colcon_core.package_identification:_identify(src) by extension 'ignore_ament_install'
[0.269s] Level 1:colcon.colcon_core.package_identification:_identify(src) by extensions ['colcon_pkg']
[0.269s] Level 1:colcon.colcon_core.package_identification:_identify(src) by extension 'colcon_pkg'
[0.269s] Level 1:colcon.colcon_core.package_identification:_identify(src) by extensions ['colcon_meta']
[0.269s] Level 1:colcon.colcon_core.package_identification:_identify(src) by extension 'colcon_meta'
[0.269s] Level 1:colcon.colcon_core.package_identification:_identify(src) by extensions ['ros']
[0.269s] Level 1:colcon.colcon_core.package_identification:_identify(src) by extension 'ros'
[0.269s] Level 1:colcon.colcon_core.package_identification:_identify(src) by extensions ['cmake', 'python']
[0.269s] Level 1:colcon.colcon_core.package_identification:_identify(src) by extension 'cmake'
[0.269s] Level 1:colcon.colcon_core.package_identification:_identify(src) by extension 'python'
[0.269s] Level 1:colcon.colcon_core.package_identification:_identify(src) by extensions ['python_setup_py']
[0.269s] Level 1:colcon.colcon_core.package_identification:_identify(src) by extension 'python_setup_py'
[0.269s] Level 1:colcon.colcon_core.package_identification:_identify(src/drone_delivery_system) by extensions ['ignore', 'ignore_ament_install']
[0.270s] Level 1:colcon.colcon_core.package_identification:_identify(src/drone_delivery_system) by extension 'ignore'
[0.270s] Level 1:colcon.colcon_core.package_identification:_identify(src/drone_delivery_system) by extension 'ignore_ament_install'
[0.270s] Level 1:colcon.colcon_core.package_identification:_identify(src/drone_delivery_system) by extensions ['colcon_pkg']
[0.270s] Level 1:colcon.colcon_core.package_identification:_identify(src/drone_delivery_system) by extension 'colcon_pkg'
[0.270s] Level 1:colcon.colcon_core.package_identification:_identify(src/drone_delivery_system) by extensions ['colcon_meta']
[0.270s] Level 1:colcon.colcon_core.package_identification:_identify(src/drone_delivery_system) by extension 'colcon_meta'
[0.270s] Level 1:colcon.colcon_core.package_identification:_identify(src/drone_delivery_system) by extensions ['ros']
[0.270s] Level 1:colcon.colcon_core.package_identification:_identify(src/drone_delivery_system) by extension 'ros'
[0.275s] DEBUG:colcon.colcon_core.package_identification:Package 'src/drone_delivery_system' with type 'ros.ament_python' and name 'drone_delivery_system'
[0.275s] Level 1:colcon.colcon_core.package_identification:_identify(src/sjtu_drone_bringup) by extensions ['ignore', 'ignore_ament_install']
[0.276s] Level 1:colcon.colcon_core.package_identification:_identify(src/sjtu_drone_bringup) by extension 'ignore'
[0.276s] Level 1:colcon.colcon_core.package_identification:_identify(src/sjtu_drone_bringup) by extension 'ignore_ament_install'
[0.276s] Level 1:colcon.colcon_core.package_identification:_identify(src/sjtu_drone_bringup) by extensions ['colcon_pkg']
[0.276s] Level 1:colcon.colcon_core.package_identification:_identify(src/sjtu_drone_bringup) by extension 'colcon_pkg'
[0.276s] Level 1:colcon.colcon_core.package_identification:_identify(src/sjtu_drone_bringup) by extensions ['colcon_meta']
[0.276s] Level 1:colcon.colcon_core.package_identification:_identify(src/sjtu_drone_bringup) by extension 'colcon_meta'
[0.276s] Level 1:colcon.colcon_core.package_identification:_identify(src/sjtu_drone_bringup) by extensions ['ros']
[0.276s] Level 1:colcon.colcon_core.package_identification:_identify(src/sjtu_drone_bringup) by extension 'ros'
[0.278s] DEBUG:colcon.colcon_core.package_identification:Package 'src/sjtu_drone_bringup' with type 'ros.ament_python' and name 'sjtu_drone_bringup'
[0.278s] Level 1:colcon.colcon_core.package_identification:_identify(src/sjtu_drone_control) by extensions ['ignore', 'ignore_ament_install']
[0.278s] Level 1:colcon.colcon_core.package_identification:_identify(src/sjtu_drone_control) by extension 'ignore'
[0.278s] Level 1:colcon.colcon_core.package_identification:_identify(src/sjtu_drone_control) by extension 'ignore_ament_install'
[0.278s] Level 1:colcon.colcon_core.package_identification:_identify(src/sjtu_drone_control) by extensions ['colcon_pkg']
[0.278s] Level 1:colcon.colcon_core.package_identification:_identify(src/sjtu_drone_control) by extension 'colcon_pkg'
[0.278s] Level 1:colcon.colcon_core.package_identification:_identify(src/sjtu_drone_control) by extensions ['colcon_meta']
[0.278s] Level 1:colcon.colcon_core.package_identification:_identify(src/sjtu_drone_control) by extension 'colcon_meta'
[0.278s] Level 1:colcon.colcon_core.package_identification:_identify(src/sjtu_drone_control) by extensions ['ros']
[0.278s] Level 1:colcon.colcon_core.package_identification:_identify(src/sjtu_drone_control) by extension 'ros'
[0.280s] DEBUG:colcon.colcon_core.package_identification:Package 'src/sjtu_drone_control' with type 'ros.ament_python' and name 'sjtu_drone_control'
[0.280s] Level 1:colcon.colcon_core.package_identification:_identify(src/sjtu_drone_description) by extensions ['ignore', 'ignore_ament_install']
[0.280s] Level 1:colcon.colcon_core.package_identification:_identify(src/sjtu_drone_description) by extension 'ignore'
[0.280s] Level 1:colcon.colcon_core.package_identification:_identify(src/sjtu_drone_description) by extension 'ignore_ament_install'
[0.280s] Level 1:colcon.colcon_core.package_identification:_identify(src/sjtu_drone_description) by extensions ['colcon_pkg']
[0.280s] Level 1:colcon.colcon_core.package_identification:_identify(src/sjtu_drone_description) by extension 'colcon_pkg'
[0.280s] Level 1:colcon.colcon_core.package_identification:_identify(src/sjtu_drone_description) by extensions ['colcon_meta']
[0.280s] Level 1:colcon.colcon_core.package_identification:_identify(src/sjtu_drone_description) by extension 'colcon_meta'
[0.280s] Level 1:colcon.colcon_core.package_identification:_identify(src/sjtu_drone_description) by extensions ['ros']
[0.280s] Level 1:colcon.colcon_core.package_identification:_identify(src/sjtu_drone_description) by extension 'ros'
[0.282s] DEBUG:colcon.colcon_core.package_identification:Package 'src/sjtu_drone_description' with type 'ros.ament_cmake' and name 'sjtu_drone_description'
[0.282s] Level 1:colcon.colcon_core.package_discovery:discover_packages(recursive) using defaults
[0.282s] Level 1:colcon.colcon_core.package_discovery:discover_packages(ignore) discover
[0.282s] Level 1:colcon.colcon_core.package_discovery:discover_packages(ignore) using defaults
[0.282s] Level 1:colcon.colcon_core.package_discovery:discover_packages(path) discover
[0.282s] Level 1:colcon.colcon_core.package_discovery:discover_packages(path) using defaults
[0.317s] Level 1:colcon.colcon_core.package_discovery:discover_packages(prefix_path) check parameters
[0.317s] Level 1:colcon.colcon_core.package_discovery:discover_packages(prefix_path) discover
[0.320s] DEBUG:colcon.colcon_installed_package_information.package_discovery:Found 4 installed packages in /home/sachin/ros2_drone/install
[0.323s] DEBUG:colcon.colcon_installed_package_information.package_discovery:Found 544 installed packages in /opt/ros/jazzy
[0.326s] Level 1:colcon.colcon_core.package_discovery:discover_packages(prefix_path) using defaults
[0.511s] Level 5:colcon.colcon_core.verb:set package 'drone_delivery_system' build argument 'cmake_args' from command line to 'None'
[0.511s] Level 5:colcon.colcon_core.verb:set package 'drone_delivery_system' build argument 'cmake_target' from command line to 'None'
[0.511s] Level 5:colcon.colcon_core.verb:set package 'drone_delivery_system' build argument 'cmake_target_skip_unavailable' from command line to 'False'
[0.511s] Level 5:colcon.colcon_core.verb:set package 'drone_delivery_system' build argument 'cmake_clean_cache' from command line to 'False'
[0.511s] Level 5:colcon.colcon_core.verb:set package 'drone_delivery_system' build argument 'cmake_clean_first' from command line to 'False'
[0.511s] Level 5:colcon.colcon_core.verb:set package 'drone_delivery_system' build argument 'cmake_force_configure' from command line to 'False'
[0.511s] Level 5:colcon.colcon_core.verb:set package 'drone_delivery_system' build argument 'ament_cmake_args' from command line to 'None'
[0.511s] Level 5:colcon.colcon_core.verb:set package 'drone_delivery_system' build argument 'catkin_cmake_args' from command line to 'None'
[0.511s] Level 5:colcon.colcon_core.verb:set package 'drone_delivery_system' build argument 'catkin_skip_building_tests' from command line to 'False'
[0.511s] DEBUG:colcon.colcon_core.verb:Building package 'drone_delivery_system' with the following arguments: {'ament_cmake_args': None, 'build_base': '/home/sachin/ros2_drone/build/drone_delivery_system', 'catkin_cmake_args': None, 'catkin_skip_building_tests': False, 'cmake_args': None, 'cmake_clean_cache': False, 'cmake_clean_first': False, 'cmake_force_configure': False, 'cmake_target': None, 'cmake_target_skip_unavailable': False, 'install_base': '/home/sachin/ros2_drone/install/drone_delivery_system', 'merge_install': False, 'path': '/home/sachin/ros2_drone/src/drone_delivery_system', 'symlink_install': False, 'test_result_base': None}
[0.511s] Level 5:colcon.colcon_core.verb:set package 'sjtu_drone_bringup' build argument 'cmake_args' from command line to 'None'
[0.512s] Level 5:colcon.colcon_core.verb:set package 'sjtu_drone_bringup' build argument 'cmake_target' from command line to 'None'
[0.512s] Level 5:colcon.colcon_core.verb:set package 'sjtu_drone_bringup' build argument 'cmake_target_skip_unavailable' from command line to 'False'
[0.512s] Level 5:colcon.colcon_core.verb:set package 'sjtu_drone_bringup' build argument 'cmake_clean_cache' from command line to 'False'
[0.512s] Level 5:colcon.colcon_core.verb:set package 'sjtu_drone_bringup' build argument 'cmake_clean_first' from command line to 'False'
[0.512s] Level 5:colcon.colcon_core.verb:set package 'sjtu_drone_bringup' build argument 'cmake_force_configure' from command line to 'False'
[0.512s] Level 5:colcon.colcon_core.verb:set package 'sjtu_drone_bringup' build argument 'ament_cmake_args' from command line to 'None'
[0.512s] Level 5:colcon.colcon_core.verb:set package 'sjtu_drone_bringup' build argument 'catkin_cmake_args' from command line to 'None'
[0.512s] Level 5:colcon.colcon_core.verb:set package 'sjtu_drone_bringup' build argument 'catkin_skip_building_tests' from command line to 'False'
[0.512s] DEBUG:colcon.colcon_core.verb:Building package 'sjtu_drone_bringup' with the following arguments: {'ament_cmake_args': None, 'build_base': '/home/sachin/ros2_drone/build/sjtu_drone_bringup', 'catkin_cmake_args': None, 'catkin_skip_building_tests': False, 'cmake_args': None, 'cmake_clean_cache': False, 'cmake_clean_first': False, 'cmake_force_configure': False, 'cmake_target': None, 'cmake_target_skip_unavailable': False, 'install_base': '/home/sachin/ros2_drone/install/sjtu_drone_bringup', 'merge_install': False, 'path': '/home/sachin/ros2_drone/src/sjtu_drone_bringup', 'symlink_install': False, 'test_result_base': None}
[0.512s] Level 5:colcon.colcon_core.verb:set package 'sjtu_drone_control' build argument 'cmake_args' from command line to 'None'
[0.512s] Level 5:colcon.colcon_core.verb:set package 'sjtu_drone_control' build argument 'cmake_target' from command line to 'None'
[0.512s] Level 5:colcon.colcon_core.verb:set package 'sjtu_drone_control' build argument 'cmake_target_skip_unavailable' from command line to 'False'
[0.512s] Level 5:colcon.colcon_core.verb:set package 'sjtu_drone_control' build argument 'cmake_clean_cache' from command line to 'False'
[0.512s] Level 5:colcon.colcon_core.verb:set package 'sjtu_drone_control' build argument 'cmake_clean_first' from command line to 'False'
[0.512s] Level 5:colcon.colcon_core.verb:set package 'sjtu_drone_control' build argument 'cmake_force_configure' from command line to 'False'
[0.512s] Level 5:colcon.colcon_core.verb:set package 'sjtu_drone_control' build argument 'ament_cmake_args' from command line to 'None'
[0.512s] Level 5:colcon.colcon_core.verb:set package 'sjtu_drone_control' build argument 'catkin_cmake_args' from command line to 'None'
[0.512s] Level 5:colcon.colcon_core.verb:set package 'sjtu_drone_control' build argument 'catkin_skip_building_tests' from command line to 'False'
[0.512s] DEBUG:colcon.colcon_core.verb:Building package 'sjtu_drone_control' with the following arguments: {'ament_cmake_args': None, 'build_base': '/home/sachin/ros2_drone/build/sjtu_drone_control', 'catkin_cmake_args': None, 'catkin_skip_building_tests': False, 'cmake_args': None, 'cmake_clean_cache': False, 'cmake_clean_first': False, 'cmake_force_configure': False, 'cmake_target': None, 'cmake_target_skip_unavailable': False, 'install_base': '/home/sachin/ros2_drone/install/sjtu_drone_control', 'merge_install': False, 'path': '/home/sachin/ros2_drone/src/sjtu_drone_control', 'symlink_install': False, 'test_result_base': None}
[0.513s] Level 5:colcon.colcon_core.verb:set package 'sjtu_drone_description' build argument 'cmake_args' from command line to 'None'
[0.513s] Level 5:colcon.colcon_core.verb:set package 'sjtu_drone_description' build argument 'cmake_target' from command line to 'None'
[0.513s] Level 5:colcon.colcon_core.verb:set package 'sjtu_drone_description' build argument 'cmake_target_skip_unavailable' from command line to 'False'
[0.513s] Level 5:colcon.colcon_core.verb:set package 'sjtu_drone_description' build argument 'cmake_clean_cache' from command line to 'False'
[0.513s] Level 5:colcon.colcon_core.verb:set package 'sjtu_drone_description' build argument 'cmake_clean_first' from command line to 'False'
[0.513s] Level 5:colcon.colcon_core.verb:set package 'sjtu_drone_description' build argument 'cmake_force_configure' from command line to 'False'
[0.513s] Level 5:colcon.colcon_core.verb:set package 'sjtu_drone_description' build argument 'ament_cmake_args' from command line to 'None'
[0.513s] Level 5:colcon.colcon_core.verb:set package 'sjtu_drone_description' build argument 'catkin_cmake_args' from command line to 'None'
[0.513s] Level 5:colcon.colcon_core.verb:set package 'sjtu_drone_description' build argument 'catkin_skip_building_tests' from command line to 'False'
[0.513s] DEBUG:colcon.colcon_core.verb:Building package 'sjtu_drone_description' with the following arguments: {'ament_cmake_args': None, 'build_base': '/home/sachin/ros2_drone/build/sjtu_drone_description', 'catkin_cmake_args': None, 'catkin_skip_building_tests': False, 'cmake_args': None, 'cmake_clean_cache': False, 'cmake_clean_first': False, 'cmake_force_configure': False, 'cmake_target': None, 'cmake_target_skip_unavailable': False, 'install_base': '/home/sachin/ros2_drone/install/sjtu_drone_description', 'merge_install': False, 'path': '/home/sachin/ros2_drone/src/sjtu_drone_description', 'symlink_install': False, 'test_result_base': None}
[0.513s] INFO:colcon.colcon_core.executor:Executing jobs using 'parallel' executor
[0.515s] DEBUG:colcon.colcon_parallel_executor.executor.parallel:run_until_complete
[0.516s] INFO:colcon.colcon_ros.task.ament_python.build:Building ROS package in '/home/sachin/ros2_drone/src/drone_delivery_system' with build type 'ament_python'
[0.516s] Level 1:colcon.colcon_core.shell:create_environment_hook('drone_delivery_system', 'ament_prefix_path')
[0.522s] INFO:colcon.colcon_core.plugin_system:Skipping extension 'colcon_core.shell.bat': Not used on non-Windows systems
[0.522s] INFO:colcon.colcon_core.shell:Creating environment hook '/home/sachin/ros2_drone/install/drone_delivery_system/share/drone_delivery_system/hook/ament_prefix_path.ps1'
[0.523s] INFO:colcon.colcon_core.shell:Creating environment descriptor '/home/sachin/ros2_drone/install/drone_delivery_system/share/drone_delivery_system/hook/ament_prefix_path.dsv'
[0.523s] INFO:colcon.colcon_core.shell:Creating environment hook '/home/sachin/ros2_drone/install/drone_delivery_system/share/drone_delivery_system/hook/ament_prefix_path.sh'
[0.524s] INFO:colcon.colcon_core.shell:Skip shell extension 'powershell' for command environment: Not usable outside of PowerShell
[0.524s] DEBUG:colcon.colcon_core.shell:Skip shell extension 'dsv' for command environment
[0.529s] INFO:colcon.colcon_ros.task.ament_python.build:Building ROS package in '/home/sachin/ros2_drone/src/sjtu_drone_bringup' with build type 'ament_python'
[0.529s] Level 1:colcon.colcon_core.shell:create_environment_hook('sjtu_drone_bringup', 'ament_prefix_path')
[0.529s] INFO:colcon.colcon_core.shell:Creating environment hook '/home/sachin/ros2_drone/install/sjtu_drone_bringup/share/sjtu_drone_bringup/hook/ament_prefix_path.ps1'
[0.530s] INFO:colcon.colcon_core.shell:Creating environment descriptor '/home/sachin/ros2_drone/install/sjtu_drone_bringup/share/sjtu_drone_bringup/hook/ament_prefix_path.dsv'
[0.530s] INFO:colcon.colcon_core.shell:Creating environment hook '/home/sachin/ros2_drone/install/sjtu_drone_bringup/share/sjtu_drone_bringup/hook/ament_prefix_path.sh'
[0.531s] INFO:colcon.colcon_core.shell:Skip shell extension 'powershell' for command environment: Not usable outside of PowerShell
[0.531s] DEBUG:colcon.colcon_core.shell:Skip shell extension 'dsv' for command environment
[0.536s] INFO:colcon.colcon_ros.task.ament_python.build:Building ROS package in '/home/sachin/ros2_drone/src/sjtu_drone_control' with build type 'ament_python'
[0.536s] Level 1:colcon.colcon_core.shell:create_environment_hook('sjtu_drone_control', 'ament_prefix_path')
[0.536s] INFO:colcon.colcon_core.shell:Creating environment hook '/home/sachin/ros2_drone/install/sjtu_drone_control/share/sjtu_drone_control/hook/ament_prefix_path.ps1'
[0.537s] INFO:colcon.colcon_core.shell:Creating environment descriptor '/home/sachin/ros2_drone/install/sjtu_drone_control/share/sjtu_drone_control/hook/ament_prefix_path.dsv'
[0.537s] INFO:colcon.colcon_core.shell:Creating environment hook '/home/sachin/ros2_drone/install/sjtu_drone_control/share/sjtu_drone_control/hook/ament_prefix_path.sh'
[0.538s] INFO:colcon.colcon_core.shell:Skip shell extension 'powershell' for command environment: Not usable outside of PowerShell
[0.538s] DEBUG:colcon.colcon_core.shell:Skip shell extension 'dsv' for command environment
[0.543s] INFO:colcon.colcon_ros.task.ament_cmake.build:Building ROS package in '/home/sachin/ros2_drone/src/sjtu_drone_description' with build type 'ament_cmake'
[0.543s] INFO:colcon.colcon_cmake.task.cmake.build:Building CMake package in '/home/sachin/ros2_drone/src/sjtu_drone_description'
[0.543s] INFO:colcon.colcon_core.shell:Skip shell extension 'powershell' for command environment: Not usable outside of PowerShell
[0.543s] DEBUG:colcon.colcon_core.shell:Skip shell extension 'dsv' for command environment
[0.830s] INFO:colcon.colcon_core.task.python.build:Building Python package in '/home/sachin/ros2_drone/src/drone_delivery_system'
[0.831s] INFO:colcon.colcon_core.shell:Skip shell extension 'powershell' for command environment: Not usable outside of PowerShell
[0.831s] DEBUG:colcon.colcon_core.shell:Skip shell extension 'dsv' for command environment
[1.119s] INFO:colcon.colcon_core.task.python.build:Building Python package in '/home/sachin/ros2_drone/src/sjtu_drone_bringup'
[1.119s] INFO:colcon.colcon_core.shell:Skip shell extension 'powershell' for command environment: Not usable outside of PowerShell
[1.119s] DEBUG:colcon.colcon_core.shell:Skip shell extension 'dsv' for command environment
[1.397s] INFO:colcon.colcon_core.task.python.build:Building Python package in '/home/sachin/ros2_drone/src/sjtu_drone_control'
[1.397s] INFO:colcon.colcon_core.shell:Skip shell extension 'powershell' for command environment: Not usable outside of PowerShell
[1.397s] DEBUG:colcon.colcon_core.shell:Skip shell extension 'dsv' for command environment
[1.411s] DEBUG:colcon.colcon_core.event_handler.log_command:Invoking command in '/home/sachin/ros2_drone/build/sjtu_drone_description': CMAKE_PREFIX_PATH=${CMAKE_PREFIX_PATH}:/home/sachin/ros2_drone/install/sjtu_drone_control:/home/sachin/ros2_drone/install/sjtu_drone_bringup:/home/sachin/ros2_drone/install/drone_delivery_system:/opt/ros/jazzy DEBUGINFOD_URLS=https://debuginfod.ubuntu.com PS1=(.ros2_venv) \[\e]0;\u@\h: \w\a\]${debian_chroot:+($debian_chroot)}\[\033[01;32m\]\u@\h\[\033[00m\]:\[\033[01;34m\]\w\[\033[00m\]\$ VIRTUAL_ENV_PROMPT=(.ros2_venv) /usr/bin/cmake --build /home/sachin/ros2_drone/build/sjtu_drone_description -- -j12 -l12
[1.597s] DEBUG:colcon.colcon_core.event_handler.log_command:Invoked command in '/home/sachin/ros2_drone/build/sjtu_drone_description' returned '0': CMAKE_PREFIX_PATH=${CMAKE_PREFIX_PATH}:/home/sachin/ros2_drone/install/sjtu_drone_control:/home/sachin/ros2_drone/install/sjtu_drone_bringup:/home/sachin/ros2_drone/install/drone_delivery_system:/opt/ros/jazzy DEBUGINFOD_URLS=https://debuginfod.ubuntu.com PS1=(.ros2_venv) \[\e]0;\u@\h: \w\a\]${debian_chroot:+($debian_chroot)}\[\033[01;32m\]\u@\h\[\033[00m\]:\[\033[01;34m\]\w\[\033[00m\]\$ VIRTUAL_ENV_PROMPT=(.ros2_venv) /usr/bin/cmake --build /home/sachin/ros2_drone/build/sjtu_drone_description -- -j12 -l12
[1.614s] DEBUG:colcon.colcon_core.event_handler.log_command:Invoking command in '/home/sachin/ros2_drone/build/sjtu_drone_description': CMAKE_PREFIX_PATH=${CMAKE_PREFIX_PATH}:/home/sachin/ros2_drone/install/sjtu_drone_control:/home/sachin/ros2_drone/install/sjtu_drone_bringup:/home/sachin/ros2_drone/install/drone_delivery_system:/opt/ros/jazzy DEBUGINFOD_URLS=https://debuginfod.ubuntu.com PS1=(.ros2_venv) \[\e]0;\u@\h: \w\a\]${debian_chroot:+($debian_chroot)}\[\033[01;32m\]\u@\h\[\033[00m\]:\[\033[01;34m\]\w\[\033[00m\]\$ VIRTUAL_ENV_PROMPT=(.ros2_venv) /usr/bin/cmake --install /home/sachin/ros2_drone/build/sjtu_drone_description
[1.633s] Level 1:colcon.colcon_core.environment:create_environment_scripts_only(sjtu_drone_description)
[1.636s] DEBUG:colcon.colcon_core.event_handler.log_command:Invoked command in '/home/sachin/ros2_drone/build/sjtu_drone_description' returned '0': CMAKE_PREFIX_PATH=${CMAKE_PREFIX_PATH}:/home/sachin/ros2_drone/install/sjtu_drone_control:/home/sachin/ros2_drone/install/sjtu_drone_bringup:/home/sachin/ros2_drone/install/drone_delivery_system:/opt/ros/jazzy DEBUGINFOD_URLS=https://debuginfod.ubuntu.com PS1=(.ros2_venv) \[\e]0;\u@\h: \w\a\]${debian_chroot:+($debian_chroot)}\[\033[01;32m\]\u@\h\[\033[00m\]:\[\033[01;34m\]\w\[\033[00m\]\$ VIRTUAL_ENV_PROMPT=(.ros2_venv) /usr/bin/cmake --install /home/sachin/ros2_drone/build/sjtu_drone_description
[1.640s] Level 1:colcon.colcon_core.environment:checking '/home/sachin/ros2_drone/install/sjtu_drone_description' for CMake module files
[1.641s] Level 1:colcon.colcon_core.environment:checking '/home/sachin/ros2_drone/install/sjtu_drone_description' for CMake config files
[1.642s] Level 1:colcon.colcon_core.shell:create_environment_hook('sjtu_drone_description', 'cmake_prefix_path')
[1.642s] INFO:colcon.colcon_core.shell:Creating environment hook '/home/sachin/ros2_drone/install/sjtu_drone_description/share/sjtu_drone_description/hook/cmake_prefix_path.ps1'
[1.643s] INFO:colcon.colcon_core.shell:Creating environment descriptor '/home/sachin/ros2_drone/install/sjtu_drone_description/share/sjtu_drone_description/hook/cmake_prefix_path.dsv'
[1.644s] INFO:colcon.colcon_core.shell:Creating environment hook '/home/sachin/ros2_drone/install/sjtu_drone_description/share/sjtu_drone_description/hook/cmake_prefix_path.sh'
[1.645s] Level 1:colcon.colcon_core.environment:checking '/home/sachin/ros2_drone/install/sjtu_drone_description/lib'
[1.645s] Level 1:colcon.colcon_core.environment:checking '/home/sachin/ros2_drone/install/sjtu_drone_description/bin'
[1.645s] Level 1:colcon.colcon_core.environment:checking '/home/sachin/ros2_drone/install/sjtu_drone_description/lib/pkgconfig/sjtu_drone_description.pc'
[1.645s] Level 1:colcon.colcon_core.environment:checking '/home/sachin/ros2_drone/install/sjtu_drone_description/lib/python3.12/site-packages'
[1.646s] Level 1:colcon.colcon_core.environment:checking '/home/sachin/ros2_drone/install/sjtu_drone_description/bin'
[1.646s] INFO:colcon.colcon_core.shell:Creating package script '/home/sachin/ros2_drone/install/sjtu_drone_description/share/sjtu_drone_description/package.ps1'
[1.648s] INFO:colcon.colcon_core.shell:Creating package descriptor '/home/sachin/ros2_drone/install/sjtu_drone_description/share/sjtu_drone_description/package.dsv'
[1.649s] INFO:colcon.colcon_core.shell:Creating package script '/home/sachin/ros2_drone/install/sjtu_drone_description/share/sjtu_drone_description/package.sh'
[1.649s] INFO:colcon.colcon_core.shell:Creating package script '/home/sachin/ros2_drone/install/sjtu_drone_description/share/sjtu_drone_description/package.bash'
[1.650s] INFO:colcon.colcon_core.shell:Creating package script '/home/sachin/ros2_drone/install/sjtu_drone_description/share/sjtu_drone_description/package.zsh'
[1.651s] Level 1:colcon.colcon_core.environment:create_file_with_runtime_dependencies(/home/sachin/ros2_drone/install/sjtu_drone_description/share/colcon-core/packages/sjtu_drone_description)
[1.651s] Level 1:colcon.colcon_core.environment:create_environment_scripts_only(sjtu_drone_description)
[1.651s] Level 1:colcon.colcon_core.environment:checking '/home/sachin/ros2_drone/install/sjtu_drone_description' for CMake module files
[1.652s] Level 1:colcon.colcon_core.environment:checking '/home/sachin/ros2_drone/install/sjtu_drone_description' for CMake config files
[1.652s] Level 1:colcon.colcon_core.shell:create_environment_hook('sjtu_drone_description', 'cmake_prefix_path')
[1.652s] INFO:colcon.colcon_core.shell:Creating environment hook '/home/sachin/ros2_drone/install/sjtu_drone_description/share/sjtu_drone_description/hook/cmake_prefix_path.ps1'
[1.653s] INFO:colcon.colcon_core.shell:Creating environment descriptor '/home/sachin/ros2_drone/install/sjtu_drone_description/share/sjtu_drone_description/hook/cmake_prefix_path.dsv'
[1.653s] INFO:colcon.colcon_core.shell:Creating environment hook '/home/sachin/ros2_drone/install/sjtu_drone_description/share/sjtu_drone_description/hook/cmake_prefix_path.sh'
[1.654s] Level 1:colcon.colcon_core.environment:checking '/home/sachin/ros2_drone/install/sjtu_drone_description/lib'
[1.654s] Level 1:colcon.colcon_core.environment:checking '/home/sachin/ros2_drone/install/sjtu_drone_description/bin'
[1.654s] Level 1:colcon.colcon_core.environment:checking '/home/sachin/ros2_drone/install/sjtu_drone_description/lib/pkgconfig/sjtu_drone_description.pc'
[1.654s] Level 1:colcon.colcon_core.environment:checking '/home/sachin/ros2_drone/install/sjtu_drone_description/lib/python3.12/site-packages'
[1.654s] Level 1:colcon.colcon_core.environment:checking '/home/sachin/ros2_drone/install/sjtu_drone_description/bin'
[1.655s] INFO:colcon.colcon_core.shell:Creating package script '/home/sachin/ros2_drone/install/sjtu_drone_description/share/sjtu_drone_description/package.ps1'
[1.655s] INFO:colcon.colcon_core.shell:Creating package descriptor '/home/sachin/ros2_drone/install/sjtu_drone_description/share/sjtu_drone_description/package.dsv'
[1.656s] INFO:colcon.colcon_core.shell:Creating package script '/home/sachin/ros2_drone/install/sjtu_drone_description/share/sjtu_drone_description/package.sh'
[1.656s] INFO:colcon.colcon_core.shell:Creating package script '/home/sachin/ros2_drone/install/sjtu_drone_description/share/sjtu_drone_description/package.bash'
[1.656s] INFO:colcon.colcon_core.shell:Creating package script '/home/sachin/ros2_drone/install/sjtu_drone_description/share/sjtu_drone_description/package.zsh'
[1.657s] Level 1:colcon.colcon_core.environment:create_file_with_runtime_dependencies(/home/sachin/ros2_drone/install/sjtu_drone_description/share/colcon-core/packages/sjtu_drone_description)
[2.241s] DEBUG:colcon.colcon_core.event_handler.log_command:Invoking command in '/home/sachin/ros2_drone/src/sjtu_drone_bringup': DEBUGINFOD_URLS=https://debuginfod.ubuntu.com PS1=(.ros2_venv) \[\e]0;\u@\h: \w\a\]${debian_chroot:+($debian_chroot)}\[\033[01;32m\]\u@\h\[\033[00m\]:\[\033[01;34m\]\w\[\033[00m\]\$ PYTHONPATH=/home/sachin/ros2_drone/build/sjtu_drone_bringup/prefix_override:/usr/lib/python3/dist-packages/colcon_core/task/python/colcon_distutils_commands:/home/sachin/ros2_drone/install/sjtu_drone_bringup/lib/python3.12/site-packages:${PYTHONPATH} VIRTUAL_ENV_PROMPT=(.ros2_venv) /usr/bin/python3 -W ignore:setup.py install is deprecated -W ignore:easy_install command is deprecated setup.py egg_info --egg-base ../../build/sjtu_drone_bringup build --build-base /home/sachin/ros2_drone/build/sjtu_drone_bringup/build install --record /home/sachin/ros2_drone/build/sjtu_drone_bringup/install.log --single-version-externally-managed install_data
[2.244s] DEBUG:colcon.colcon_core.event_handler.log_command:Invoking command in '/home/sachin/ros2_drone/src/sjtu_drone_control': DEBUGINFOD_URLS=https://debuginfod.ubuntu.com PS1=(.ros2_venv) \[\e]0;\u@\h: \w\a\]${debian_chroot:+($debian_chroot)}\[\033[01;32m\]\u@\h\[\033[00m\]:\[\033[01;34m\]\w\[\033[00m\]\$ PYTHONPATH=/home/sachin/ros2_drone/build/sjtu_drone_control/prefix_override:/usr/lib/python3/dist-packages/colcon_core/task/python/colcon_distutils_commands:/home/sachin/ros2_drone/install/sjtu_drone_control/lib/python3.12/site-packages:${PYTHONPATH} VIRTUAL_ENV_PROMPT=(.ros2_venv) /usr/bin/python3 -W ignore:setup.py install is deprecated -W ignore:easy_install command is deprecated setup.py egg_info --egg-base ../../build/sjtu_drone_control build --build-base /home/sachin/ros2_drone/build/sjtu_drone_control/build install --record /home/sachin/ros2_drone/build/sjtu_drone_control/install.log --single-version-externally-managed install_data
[2.244s] DEBUG:colcon.colcon_core.event_handler.log_command:Invoking command in '/home/sachin/ros2_drone/src/drone_delivery_system': DEBUGINFOD_URLS=https://debuginfod.ubuntu.com PS1=(.ros2_venv) \[\e]0;\u@\h: \w\a\]${debian_chroot:+($debian_chroot)}\[\033[01;32m\]\u@\h\[\033[00m\]:\[\033[01;34m\]\w\[\033[00m\]\$ PYTHONPATH=/home/sachin/ros2_drone/build/drone_delivery_system/prefix_override:/usr/lib/python3/dist-packages/colcon_core/task/python/colcon_distutils_commands:/home/sachin/ros2_drone/install/drone_delivery_system/lib/python3.12/site-packages:${PYTHONPATH} VIRTUAL_ENV_PROMPT=(.ros2_venv) /usr/bin/python3 -W ignore:setup.py install is deprecated -W ignore:easy_install command is deprecated setup.py egg_info --egg-base ../../build/drone_delivery_system build --build-base /home/sachin/ros2_drone/build/drone_delivery_system/build install --record /home/sachin/ros2_drone/build/drone_delivery_system/install.log --single-version-externally-managed install_data
[2.923s] Level 1:colcon.colcon_core.environment:checking '/home/sachin/ros2_drone/install/sjtu_drone_control' for CMake module files
[2.923s] DEBUG:colcon.colcon_core.event_handler.log_command:Invoked command in '/home/sachin/ros2_drone/src/sjtu_drone_control' returned '0': DEBUGINFOD_URLS=https://debuginfod.ubuntu.com PS1=(.ros2_venv) \[\e]0;\u@\h: \w\a\]${debian_chroot:+($debian_chroot)}\[\033[01;32m\]\u@\h\[\033[00m\]:\[\033[01;34m\]\w\[\033[00m\]\$ PYTHONPATH=/home/sachin/ros2_drone/build/sjtu_drone_control/prefix_override:/usr/lib/python3/dist-packages/colcon_core/task/python/colcon_distutils_commands:/home/sachin/ros2_drone/install/sjtu_drone_control/lib/python3.12/site-packages:${PYTHONPATH} VIRTUAL_ENV_PROMPT=(.ros2_venv) /usr/bin/python3 -W ignore:setup.py install is deprecated -W ignore:easy_install command is deprecated setup.py egg_info --egg-base ../../build/sjtu_drone_control build --build-base /home/sachin/ros2_drone/build/sjtu_drone_control/build install --record /home/sachin/ros2_drone/build/sjtu_drone_control/install.log --single-version-externally-managed install_data
[2.924s] Level 1:colcon.colcon_core.environment:checking '/home/sachin/ros2_drone/install/sjtu_drone_control' for CMake config files
[2.924s] Level 1:colcon.colcon_core.environment:checking '/home/sachin/ros2_drone/install/sjtu_drone_control/lib'
[2.924s] Level 1:colcon.colcon_core.environment:checking '/home/sachin/ros2_drone/install/sjtu_drone_control/bin'
[2.924s] Level 1:colcon.colcon_core.environment:checking '/home/sachin/ros2_drone/install/sjtu_drone_control/lib/pkgconfig/sjtu_drone_control.pc'
[2.925s] Level 1:colcon.colcon_core.environment:checking '/home/sachin/ros2_drone/install/sjtu_drone_control/lib/python3.12/site-packages'
[2.925s] Level 1:colcon.colcon_core.shell:create_environment_hook('sjtu_drone_control', 'pythonpath')
[2.925s] INFO:colcon.colcon_core.shell:Creating environment hook '/home/sachin/ros2_drone/install/sjtu_drone_control/share/sjtu_drone_control/hook/pythonpath.ps1'
[2.926s] INFO:colcon.colcon_core.shell:Creating environment descriptor '/home/sachin/ros2_drone/install/sjtu_drone_control/share/sjtu_drone_control/hook/pythonpath.dsv'
[2.926s] INFO:colcon.colcon_core.shell:Creating environment hook '/home/sachin/ros2_drone/install/sjtu_drone_control/share/sjtu_drone_control/hook/pythonpath.sh'
[2.927s] Level 1:colcon.colcon_core.environment:checking '/home/sachin/ros2_drone/install/sjtu_drone_control/bin'
[2.927s] Level 1:colcon.colcon_core.environment:create_environment_scripts_only(sjtu_drone_control)
[2.927s] INFO:colcon.colcon_core.shell:Creating package script '/home/sachin/ros2_drone/install/sjtu_drone_control/share/sjtu_drone_control/package.ps1'
[2.928s] INFO:colcon.colcon_core.shell:Creating package descriptor '/home/sachin/ros2_drone/install/sjtu_drone_control/share/sjtu_drone_control/package.dsv'
[2.928s] INFO:colcon.colcon_core.shell:Creating package script '/home/sachin/ros2_drone/install/sjtu_drone_control/share/sjtu_drone_control/package.sh'
[2.929s] INFO:colcon.colcon_core.shell:Creating package script '/home/sachin/ros2_drone/install/sjtu_drone_control/share/sjtu_drone_control/package.bash'
[2.929s] INFO:colcon.colcon_core.shell:Creating package script '/home/sachin/ros2_drone/install/sjtu_drone_control/share/sjtu_drone_control/package.zsh'
[2.929s] Level 1:colcon.colcon_core.environment:create_file_with_runtime_dependencies(/home/sachin/ros2_drone/install/sjtu_drone_control/share/colcon-core/packages/sjtu_drone_control)
[2.930s] Level 1:colcon.colcon_core.environment:checking '/home/sachin/ros2_drone/install/sjtu_drone_bringup' for CMake module files
[2.931s] Level 1:colcon.colcon_core.environment:checking '/home/sachin/ros2_drone/install/sjtu_drone_bringup' for CMake config files
[2.931s] DEBUG:colcon.colcon_core.event_handler.log_command:Invoked command in '/home/sachin/ros2_drone/src/sjtu_drone_bringup' returned '0': DEBUGINFOD_URLS=https://debuginfod.ubuntu.com PS1=(.ros2_venv) \[\e]0;\u@\h: \w\a\]${debian_chroot:+($debian_chroot)}\[\033[01;32m\]\u@\h\[\033[00m\]:\[\033[01;34m\]\w\[\033[00m\]\$ PYTHONPATH=/home/sachin/ros2_drone/build/sjtu_drone_bringup/prefix_override:/usr/lib/python3/dist-packages/colcon_core/task/python/colcon_distutils_commands:/home/sachin/ros2_drone/install/sjtu_drone_bringup/lib/python3.12/site-packages:${PYTHONPATH} VIRTUAL_ENV_PROMPT=(.ros2_venv) /usr/bin/python3 -W ignore:setup.py install is deprecated -W ignore:easy_install command is deprecated setup.py egg_info --egg-base ../../build/sjtu_drone_bringup build --build-base /home/sachin/ros2_drone/build/sjtu_drone_bringup/build install --record /home/sachin/ros2_drone/build/sjtu_drone_bringup/install.log --single-version-externally-managed install_data
[2.932s] Level 1:colcon.colcon_core.environment:checking '/home/sachin/ros2_drone/install/sjtu_drone_bringup/lib'
[2.932s] Level 1:colcon.colcon_core.environment:checking '/home/sachin/ros2_drone/install/sjtu_drone_bringup/bin'
[2.932s] Level 1:colcon.colcon_core.environment:checking '/home/sachin/ros2_drone/install/sjtu_drone_bringup/lib/pkgconfig/sjtu_drone_bringup.pc'
[2.932s] Level 1:colcon.colcon_core.environment:checking '/home/sachin/ros2_drone/install/sjtu_drone_bringup/lib/python3.12/site-packages'
[2.932s] Level 1:colcon.colcon_core.shell:create_environment_hook('sjtu_drone_bringup', 'pythonpath')
[2.932s] INFO:colcon.colcon_core.shell:Creating environment hook '/home/sachin/ros2_drone/install/sjtu_drone_bringup/share/sjtu_drone_bringup/hook/pythonpath.ps1'
[2.933s] INFO:colcon.colcon_core.shell:Creating environment descriptor '/home/sachin/ros2_drone/install/sjtu_drone_bringup/share/sjtu_drone_bringup/hook/pythonpath.dsv'
[2.933s] INFO:colcon.colcon_core.shell:Creating environment hook '/home/sachin/ros2_drone/install/sjtu_drone_bringup/share/sjtu_drone_bringup/hook/pythonpath.sh'
[2.934s] Level 1:colcon.colcon_core.environment:checking '/home/sachin/ros2_drone/install/sjtu_drone_bringup/bin'
[2.934s] Level 1:colcon.colcon_core.environment:create_environment_scripts_only(sjtu_drone_bringup)
[2.934s] INFO:colcon.colcon_core.shell:Creating package script '/home/sachin/ros2_drone/install/sjtu_drone_bringup/share/sjtu_drone_bringup/package.ps1'
[2.935s] INFO:colcon.colcon_core.shell:Creating package descriptor '/home/sachin/ros2_drone/install/sjtu_drone_bringup/share/sjtu_drone_bringup/package.dsv'
[2.935s] INFO:colcon.colcon_core.shell:Creating package script '/home/sachin/ros2_drone/install/sjtu_drone_bringup/share/sjtu_drone_bringup/package.sh'
[2.936s] INFO:colcon.colcon_core.shell:Creating package script '/home/sachin/ros2_drone/install/sjtu_drone_bringup/share/sjtu_drone_bringup/package.bash'
[2.936s] INFO:colcon.colcon_core.shell:Creating package script '/home/sachin/ros2_drone/install/sjtu_drone_bringup/share/sjtu_drone_bringup/package.zsh'
[2.936s] Level 1:colcon.colcon_core.environment:create_file_with_runtime_dependencies(/home/sachin/ros2_drone/install/sjtu_drone_bringup/share/colcon-core/packages/sjtu_drone_bringup)
[2.938s] Level 1:colcon.colcon_core.environment:checking '/home/sachin/ros2_drone/install/drone_delivery_system' for CMake module files
[2.939s] Level 1:colcon.colcon_core.environment:checking '/home/sachin/ros2_drone/install/drone_delivery_system' for CMake config files
[2.939s] DEBUG:colcon.colcon_core.event_handler.log_command:Invoked command in '/home/sachin/ros2_drone/src/drone_delivery_system' returned '0': DEBUGINFOD_URLS=https://debuginfod.ubuntu.com PS1=(.ros2_venv) \[\e]0;\u@\h: \w\a\]${debian_chroot:+($debian_chroot)}\[\033[01;32m\]\u@\h\[\033[00m\]:\[\033[01;34m\]\w\[\033[00m\]\$ PYTHONPATH=/home/sachin/ros2_drone/build/drone_delivery_system/prefix_override:/usr/lib/python3/dist-packages/colcon_core/task/python/colcon_distutils_commands:/home/sachin/ros2_drone/install/drone_delivery_system/lib/python3.12/site-packages:${PYTHONPATH} VIRTUAL_ENV_PROMPT=(.ros2_venv) /usr/bin/python3 -W ignore:setup.py install is deprecated -W ignore:easy_install command is deprecated setup.py egg_info --egg-base ../../build/drone_delivery_system build --build-base /home/sachin/ros2_drone/build/drone_delivery_system/build install --record /home/sachin/ros2_drone/build/drone_delivery_system/install.log --single-version-externally-managed install_data
[2.940s] Level 1:colcon.colcon_core.environment:checking '/home/sachin/ros2_drone/install/drone_delivery_system/lib'
[2.940s] Level 1:colcon.colcon_core.environment:checking '/home/sachin/ros2_drone/install/drone_delivery_system/bin'
[2.940s] Level 1:colcon.colcon_core.environment:checking '/home/sachin/ros2_drone/install/drone_delivery_system/lib/pkgconfig/drone_delivery_system.pc'
[2.940s] Level 1:colcon.colcon_core.environment:checking '/home/sachin/ros2_drone/install/drone_delivery_system/lib/python3.12/site-packages'
[2.940s] Level 1:colcon.colcon_core.shell:create_environment_hook('drone_delivery_system', 'pythonpath')
[2.940s] INFO:colcon.colcon_core.shell:Creating environment hook '/home/sachin/ros2_drone/install/drone_delivery_system/share/drone_delivery_system/hook/pythonpath.ps1'
[2.941s] INFO:colcon.colcon_core.shell:Creating environment descriptor '/home/sachin/ros2_drone/install/drone_delivery_system/share/drone_delivery_system/hook/pythonpath.dsv'
[2.941s] INFO:colcon.colcon_core.shell:Creating environment hook '/home/sachin/ros2_drone/install/drone_delivery_system/share/drone_delivery_system/hook/pythonpath.sh'
[2.942s] Level 1:colcon.colcon_core.environment:checking '/home/sachin/ros2_drone/install/drone_delivery_system/bin'
[2.942s] Level 1:colcon.colcon_core.environment:create_environment_scripts_only(drone_delivery_system)
[2.942s] INFO:colcon.colcon_core.shell:Creating package script '/home/sachin/ros2_drone/install/drone_delivery_system/share/drone_delivery_system/package.ps1'
[2.943s] INFO:colcon.colcon_core.shell:Creating package descriptor '/home/sachin/ros2_drone/install/drone_delivery_system/share/drone_delivery_system/package.dsv'
[2.943s] INFO:colcon.colcon_core.shell:Creating package script '/home/sachin/ros2_drone/install/drone_delivery_system/share/drone_delivery_system/package.sh'
[2.944s] INFO:colcon.colcon_core.shell:Creating package script '/home/sachin/ros2_drone/install/drone_delivery_system/share/drone_delivery_system/package.bash'
[2.944s] INFO:colcon.colcon_core.shell:Creating package script '/home/sachin/ros2_drone/install/drone_delivery_system/share/drone_delivery_system/package.zsh'
[2.945s] Level 1:colcon.colcon_core.environment:create_file_with_runtime_dependencies(/home/sachin/ros2_drone/install/drone_delivery_system/share/colcon-core/packages/drone_delivery_system)
[2.945s] DEBUG:colcon.colcon_parallel_executor.executor.parallel:closing loop
[2.946s] DEBUG:colcon.colcon_parallel_executor.executor.parallel:loop closed
[2.946s] DEBUG:colcon.colcon_parallel_executor.executor.parallel:run_until_complete finished with '0'
[2.946s] DEBUG:colcon.colcon_core.event_reactor:joining thread
[2.956s] INFO:colcon.colcon_core.plugin_system:Skipping extension 'colcon_notification.desktop_notification.terminal_notifier': Not used on non-Darwin systems
[2.956s] INFO:colcon.colcon_core.plugin_system:Skipping extension 'colcon_notification.desktop_notification.win32': Not used on non-Windows systems
[2.956s] INFO:colcon.colcon_notification.desktop_notification:Sending desktop notification using 'notify2'
[2.975s] DEBUG:colcon.colcon_core.event_reactor:joined thread
[2.976s] INFO:colcon.colcon_core.shell:Creating prefix script '/home/sachin/ros2_drone/install/local_setup.ps1'
[2.977s] INFO:colcon.colcon_core.shell:Creating prefix util module '/home/sachin/ros2_drone/install/_local_setup_util_ps1.py'
[2.979s] INFO:colcon.colcon_core.shell:Creating prefix chain script '/home/sachin/ros2_drone/install/setup.ps1'
[2.980s] INFO:colcon.colcon_core.shell:Creating prefix script '/home/sachin/ros2_drone/install/local_setup.sh'
[2.982s] INFO:colcon.colcon_core.shell:Creating prefix util module '/home/sachin/ros2_drone/install/_local_setup_util_sh.py'
[2.983s] INFO:colcon.colcon_core.shell:Creating prefix chain script '/home/sachin/ros2_drone/install/setup.sh'
[2.984s] INFO:colcon.colcon_core.shell:Creating prefix script '/home/sachin/ros2_drone/install/local_setup.bash'
[2.986s] INFO:colcon.colcon_core.shell:Creating prefix chain script '/home/sachin/ros2_drone/install/setup.bash'
[2.988s] INFO:colcon.colcon_core.shell:Creating prefix script '/home/sachin/ros2_drone/install/local_setup.zsh'
[2.990s] INFO:colcon.colcon_core.shell:Creating prefix chain script '/home/sachin/ros2_drone/install/setup.zsh'
